
 /----------------------------------------------------------------------------\
 |                                                                            |
 |  yosys -- Yosys Open SYnthesis Suite                                       |
 |                                                                            |
 |  Copyright (C) 2012 - 2018  Clifford Wolf <clifford@clifford.at>           |
 |                                                                            |
 |  Permission to use, copy, modify, and/or distribute this software for any  |
 |  purpose with or without fee is hereby granted, provided that the above    |
 |  copyright notice and this permission notice appear in all copies.         |
 |                                                                            |
 |  THE SOFTWARE IS PROVIDED "AS IS" AND THE AUTHOR DISCLAIMS ALL WARRANTIES  |
 |  WITH REGARD TO THIS SOFTWARE INCLUDING ALL IMPLIED WARRANTIES OF          |
 |  MERCHANTABILITY AND FITNESS. IN NO EVENT SHALL THE AUTHOR BE LIABLE FOR   |
 |  ANY SPECIAL, DIRECT, INDIRECT, OR CONSEQUENTIAL DAMAGES OR ANY DAMAGES    |
 |  WHATSOEVER RESULTING FROM LOSS OF USE, DATA OR PROFITS, WHETHER IN AN     |
 |  ACTION OF CONTRACT, NEGLIGENCE OR OTHER TORTIOUS ACTION, ARISING OUT OF   |
 |  OR IN CONNECTION WITH THE USE OR PERFORMANCE OF THIS SOFTWARE.            |
 |                                                                            |
 \----------------------------------------------------------------------------/

 Yosys 0.8+312 (git sha1 22035c2, clang 3.8.0-2ubuntu4 -fPIC -Os)


-- Parsing `/home/rcl/PPS_70us/rtl/top.v' using frontend `verilog' --

1. Executing Verilog-2005 frontend.
Parsing Verilog input from `/home/rcl/PPS_70us/rtl/top.v' to AST representation.
Generating RTLIL representation for module `\top'.
Successfully finished Verilog frontend.

-- Parsing `/home/rcl/PPS_70us/rtl/timer_1us.v' using frontend `verilog' --

2. Executing Verilog-2005 frontend.
Parsing Verilog input from `/home/rcl/PPS_70us/rtl/timer_1us.v' to AST representation.
Generating RTLIL representation for module `\timer_1us'.
Successfully finished Verilog frontend.

-- Parsing `/home/rcl/PPS_70us/rtl/clk_25MHz_generator.v' using frontend `verilog' --

3. Executing Verilog-2005 frontend.
Parsing Verilog input from `/home/rcl/PPS_70us/rtl/clk_25MHz_generator.v' to AST representation.
Generating RTLIL representation for module `\clk_25MHz_generator'.
Successfully finished Verilog frontend.

-- Running command `synth_ice40 -blif top.blif ' --

4. Executing SYNTH_ICE40 pass.

4.1. Executing Verilog-2005 frontend.
Parsing Verilog input from `/usr/local/bin/../share/yosys/ice40/cells_sim.v' to AST representation.
Generating RTLIL representation for module `\SB_IO'.
Generating RTLIL representation for module `\SB_GB_IO'.
Generating RTLIL representation for module `\SB_GB'.
Generating RTLIL representation for module `\SB_LUT4'.
Generating RTLIL representation for module `\SB_CARRY'.
Generating RTLIL representation for module `\SB_DFF'.
Generating RTLIL representation for module `\SB_DFFE'.
Generating RTLIL representation for module `\SB_DFFSR'.
Generating RTLIL representation for module `\SB_DFFR'.
Generating RTLIL representation for module `\SB_DFFSS'.
Generating RTLIL representation for module `\SB_DFFS'.
Generating RTLIL representation for module `\SB_DFFESR'.
Generating RTLIL representation for module `\SB_DFFER'.
Generating RTLIL representation for module `\SB_DFFESS'.
Generating RTLIL representation for module `\SB_DFFES'.
Generating RTLIL representation for module `\SB_DFFN'.
Generating RTLIL representation for module `\SB_DFFNE'.
Generating RTLIL representation for module `\SB_DFFNSR'.
Generating RTLIL representation for module `\SB_DFFNR'.
Generating RTLIL representation for module `\SB_DFFNSS'.
Generating RTLIL representation for module `\SB_DFFNS'.
Generating RTLIL representation for module `\SB_DFFNESR'.
Generating RTLIL representation for module `\SB_DFFNER'.
Generating RTLIL representation for module `\SB_DFFNESS'.
Generating RTLIL representation for module `\SB_DFFNES'.
Generating RTLIL representation for module `\SB_RAM40_4K'.
Generating RTLIL representation for module `\SB_RAM40_4KNR'.
Generating RTLIL representation for module `\SB_RAM40_4KNW'.
Generating RTLIL representation for module `\SB_RAM40_4KNRNW'.
Generating RTLIL representation for module `\ICESTORM_LC'.
Generating RTLIL representation for module `\SB_PLL40_CORE'.
Generating RTLIL representation for module `\SB_PLL40_PAD'.
Generating RTLIL representation for module `\SB_PLL40_2_PAD'.
Generating RTLIL representation for module `\SB_PLL40_2F_CORE'.
Generating RTLIL representation for module `\SB_PLL40_2F_PAD'.
Generating RTLIL representation for module `\SB_WARMBOOT'.
Generating RTLIL representation for module `\SB_SPRAM256KA'.
Generating RTLIL representation for module `\SB_HFOSC'.
Generating RTLIL representation for module `\SB_LFOSC'.
Generating RTLIL representation for module `\SB_RGBA_DRV'.
Generating RTLIL representation for module `\SB_I2C'.
Generating RTLIL representation for module `\SB_SPI'.
Generating RTLIL representation for module `\SB_LEDDA_IP'.
Generating RTLIL representation for module `\SB_FILTER_50NS'.
Generating RTLIL representation for module `\SB_IO_I3C'.
Generating RTLIL representation for module `\SB_IO_OD'.
Generating RTLIL representation for module `\SB_MAC16'.
Successfully finished Verilog frontend.

4.2. Executing HIERARCHY pass (managing design hierarchy).

4.2.1. Finding top of design hierarchy..
root of   1 design levels: clk_25MHz_generator 
root of   0 design levels: timer_1us           
root of   2 design levels: top                 
Automatically selected top as design top module.

4.2.2. Analyzing design hierarchy..
Top module:  \top
Used module:     \timer_1us
Used module:     \clk_25MHz_generator

4.2.3. Analyzing design hierarchy..
Top module:  \top
Used module:     \timer_1us
Used module:     \clk_25MHz_generator
Removed 0 unused modules.

4.3. Executing PROC pass (convert processes to netlists).

4.3.1. Executing PROC_CLEAN pass (remove empty switches from decision trees).
Cleaned up 0 empty switches.

4.3.2. Executing PROC_RMDEAD pass (remove dead branches from decision trees).
Removed a total of 0 dead cases.

4.3.3. Executing PROC_INIT pass (extract init attributes).
Found init rule in `\timer_1us.$proc$/home/rcl/PPS_70us/rtl/timer_1us.v:15$4'.
  Set init value: \o_q = 1'0
  Set init value: \count = 0

4.3.4. Executing PROC_ARST pass (detect async resets in processes).

4.3.5. Executing PROC_MUX pass (convert decision trees to multiplexers).
Creating decoders for process `\timer_1us.$proc$/home/rcl/PPS_70us/rtl/timer_1us.v:15$4'.
     1/2: $1\count[31:0]
     2/2: $1\o_q[0:0]
Creating decoders for process `\timer_1us.$proc$/home/rcl/PPS_70us/rtl/timer_1us.v:20$1'.
     1/2: $0\count[31:0]
     2/2: $0\o_q[0:0]

4.3.6. Executing PROC_DLATCH pass (convert process syncs to latches).

4.3.7. Executing PROC_DFF pass (convert process syncs to FFs).
Creating register for signal `\timer_1us.\o_q' using process `\timer_1us.$proc$/home/rcl/PPS_70us/rtl/timer_1us.v:20$1'.
  created $dff cell `$procdff$11' with positive edge clock.
Creating register for signal `\timer_1us.\count' using process `\timer_1us.$proc$/home/rcl/PPS_70us/rtl/timer_1us.v:20$1'.
  created $dff cell `$procdff$12' with positive edge clock.

4.3.8. Executing PROC_CLEAN pass (remove empty switches from decision trees).
Removing empty process `timer_1us.$proc$/home/rcl/PPS_70us/rtl/timer_1us.v:15$4'.
Found and cleaned up 1 empty switch in `\timer_1us.$proc$/home/rcl/PPS_70us/rtl/timer_1us.v:20$1'.
Removing empty process `timer_1us.$proc$/home/rcl/PPS_70us/rtl/timer_1us.v:20$1'.
Cleaned up 1 empty switch.

4.4. Executing FLATTEN pass (flatten design).
Mapping top.clk_25MHz_generator1 using clk_25MHz_generator.
Mapping top.timer_1us1 using timer_1us.
No more expansions possible.
Deleting now unused module clk_25MHz_generator.
Deleting now unused module timer_1us.

4.5. Executing TRIBUF pass.

4.6. Executing DEMINOUT pass (demote inout ports to input or output).

4.7. Executing OPT_EXPR pass (perform const folding).

4.8. Executing OPT_CLEAN pass (remove unused cells and wires).
Finding unused cells or wires in module \top..
  removed 6 unused temporary wires.
Removed 0 unused cells and 6 unused wires.

4.9. Executing CHECK pass (checking for obvious problems).
checking module top..
found and reported 0 problems.

4.10. Executing OPT pass (performing simple optimizations).

4.10.1. Executing OPT_EXPR pass (perform const folding).

4.10.2. Executing OPT_MERGE pass (detect identical cells).
Finding identical cells in module `\top'.
Removed a total of 0 cells.

4.10.3. Executing OPT_MUXTREE pass (detect dead branches in mux trees).
Running muxtree optimizer on module \top..
  Creating internal representation of mux trees.
  Evaluating internal representation of mux trees.
    Root of a mux tree: $techmap\timer_1us1.$procmux$6 (pure)
    Root of a mux tree: $techmap\timer_1us1.$procmux$9 (pure)
  Analyzing evaluation results.
Removed 0 multiplexer ports.

4.10.4. Executing OPT_REDUCE pass (consolidate $*mux and $reduce_* inputs).
  Optimizing cells in module \top.
Performed a total of 0 changes.

4.10.5. Executing OPT_MERGE pass (detect identical cells).
Finding identical cells in module `\top'.
Removed a total of 0 cells.

4.10.6. Executing OPT_RMDFF pass (remove dff with constant values).

4.10.7. Executing OPT_CLEAN pass (remove unused cells and wires).
Finding unused cells or wires in module \top..
Removed 0 unused cells and 6 unused wires.

4.10.8. Executing OPT_EXPR pass (perform const folding).

4.10.9. Finished OPT passes. (There is nothing left to do.)

4.11. Executing WREDUCE pass (reducing word size of cells).
Removed top 31 bits (of 32) from port B of cell top.$techmap\timer_1us1.$add$/home/rcl/PPS_70us/rtl/timer_1us.v:26$3 ($add).
Removed top 7 bits (of 32) from port B of cell top.$techmap\timer_1us1.$eq$/home/rcl/PPS_70us/rtl/timer_1us.v:21$2 ($eq).

4.12. Executing SHARE pass (SAT-based resource sharing).

4.13. Executing TECHMAP pass (map to technology primitives).

4.13.1. Executing Verilog-2005 frontend.
Parsing Verilog input from `/usr/local/bin/../share/yosys/cmp2lut.v' to AST representation.
Generating RTLIL representation for module `\_90_lut_cmp_'.
Successfully finished Verilog frontend.

4.13.2. Executing AST frontend in derive mode using pre-parsed AST for module `\_90_lut_cmp_'.
Parameter \A_SIGNED = 0
Parameter \B_SIGNED = 0
Parameter \A_WIDTH = 32
Parameter \B_WIDTH = 25
Parameter \Y_WIDTH = 1
Parameter \_TECHMAP_CELLTYPE_ = 24'001001000110010101110001
Parameter \_TECHMAP_CONSTMSK_A_ = 0
Parameter \_TECHMAP_CONSTVAL_A_ = 32'xxxxxxxxxxxxxxxxxxxxxxxxxxxxxxxx
Parameter \_TECHMAP_CONSTMSK_B_ = 25'1111111111111111111111111
Parameter \_TECHMAP_CONSTVAL_B_ = 25'1011111010111100000111111
Generating RTLIL representation for module `$paramod$f8bd05b73b0022ab4a16b217376ff8f3d41bcd49\_90_lut_cmp_'.
Not using module `$paramod$f8bd05b73b0022ab4a16b217376ff8f3d41bcd49\_90_lut_cmp_' from techmap as it contains a _TECHMAP_FAIL_ marker wire with non-zero value 1'1.

4.13.3. Continuing TECHMAP pass.
No more expansions possible.

4.14. Executing OPT_EXPR pass (perform const folding).

4.15. Executing OPT_CLEAN pass (remove unused cells and wires).
Finding unused cells or wires in module \top..
Removed 0 unused cells and 6 unused wires.

4.16. Executing ALUMACC pass (create $alu and $macc cells).
Extracting $alu and $macc cells in module top:
  creating $macc model for $techmap\timer_1us1.$add$/home/rcl/PPS_70us/rtl/timer_1us.v:26$3 ($add).
  creating $alu model for $macc $techmap\timer_1us1.$add$/home/rcl/PPS_70us/rtl/timer_1us.v:26$3.
  creating $alu cell for $techmap\timer_1us1.$add$/home/rcl/PPS_70us/rtl/timer_1us.v:26$3: $auto$alumacc.cc:474:replace_alu$13
  created 1 $alu and 0 $macc cells.

4.17. Executing OPT pass (performing simple optimizations).

4.17.1. Executing OPT_EXPR pass (perform const folding).

4.17.2. Executing OPT_MERGE pass (detect identical cells).
Finding identical cells in module `\top'.
Removed a total of 0 cells.

4.17.3. Executing OPT_MUXTREE pass (detect dead branches in mux trees).
Running muxtree optimizer on module \top..
  Creating internal representation of mux trees.
  Evaluating internal representation of mux trees.
    Root of a mux tree: $techmap\timer_1us1.$procmux$6 (pure)
    Root of a mux tree: $techmap\timer_1us1.$procmux$9 (pure)
  Analyzing evaluation results.
Removed 0 multiplexer ports.

4.17.4. Executing OPT_REDUCE pass (consolidate $*mux and $reduce_* inputs).
  Optimizing cells in module \top.
Performed a total of 0 changes.

4.17.5. Executing OPT_MERGE pass (detect identical cells).
Finding identical cells in module `\top'.
Removed a total of 0 cells.

4.17.6. Executing OPT_RMDFF pass (remove dff with constant values).

4.17.7. Executing OPT_CLEAN pass (remove unused cells and wires).
Finding unused cells or wires in module \top..
Removed 0 unused cells and 6 unused wires.

4.17.8. Executing OPT_EXPR pass (perform const folding).

4.17.9. Finished OPT passes. (There is nothing left to do.)

4.18. Executing FSM pass (extract and optimize FSM).

4.18.1. Executing FSM_DETECT pass (finding FSMs in design).

4.18.2. Executing FSM_EXTRACT pass (extracting FSM from design).

4.18.3. Executing FSM_OPT pass (simple optimizations of FSMs).

4.18.4. Executing OPT_CLEAN pass (remove unused cells and wires).
Finding unused cells or wires in module \top..
Removed 0 unused cells and 6 unused wires.

4.18.5. Executing FSM_OPT pass (simple optimizations of FSMs).

4.18.6. Executing FSM_RECODE pass (re-assigning FSM state encoding).

4.18.7. Executing FSM_INFO pass (dumping all available information on FSM cells).

4.18.8. Executing FSM_MAP pass (mapping FSMs to basic logic).

4.19. Executing OPT pass (performing simple optimizations).

4.19.1. Executing OPT_EXPR pass (perform const folding).

4.19.2. Executing OPT_MERGE pass (detect identical cells).
Finding identical cells in module `\top'.
Removed a total of 0 cells.

4.19.3. Executing OPT_RMDFF pass (remove dff with constant values).

4.19.4. Executing OPT_CLEAN pass (remove unused cells and wires).
Finding unused cells or wires in module \top..
Removed 0 unused cells and 6 unused wires.

4.19.5. Finished fast OPT passes.

4.20. Executing MEMORY pass.

4.20.1. Executing MEMORY_DFF pass (merging $dff cells to $memrd and $memwr).

4.20.2. Executing OPT_CLEAN pass (remove unused cells and wires).
Finding unused cells or wires in module \top..
Removed 0 unused cells and 6 unused wires.

4.20.3. Executing MEMORY_SHARE pass (consolidating $memrd/$memwr cells).

4.20.4. Executing OPT_CLEAN pass (remove unused cells and wires).
Finding unused cells or wires in module \top..
Removed 0 unused cells and 6 unused wires.

4.20.5. Executing MEMORY_COLLECT pass (generating $mem cells).

4.21. Executing OPT_CLEAN pass (remove unused cells and wires).
Finding unused cells or wires in module \top..
Removed 0 unused cells and 6 unused wires.

4.22. Executing MEMORY_BRAM pass (mapping $mem cells to block memories).

4.23. Executing TECHMAP pass (map to technology primitives).

4.23.1. Executing Verilog-2005 frontend.
Parsing Verilog input from `/usr/local/bin/../share/yosys/ice40/brams_map.v' to AST representation.
Generating RTLIL representation for module `\$__ICE40_RAM4K'.
Generating RTLIL representation for module `\$__ICE40_RAM4K_M0'.
Generating RTLIL representation for module `\$__ICE40_RAM4K_M123'.
Successfully finished Verilog frontend.
No more expansions possible.

4.24. Executing ICE40_BRAMINIT pass.

4.25. Executing OPT pass (performing simple optimizations).

4.25.1. Executing OPT_EXPR pass (perform const folding).
Replacing $mux cell `$techmap\timer_1us1.$procmux$9' (mux_sel01) in module `\top' with constant driver `$techmap\timer_1us1.$0\o_q[0:0] = $techmap\timer_1us1.$eq$/home/rcl/PPS_70us/rtl/timer_1us.v:21$2_Y'.

4.25.2. Executing OPT_MERGE pass (detect identical cells).
Finding identical cells in module `\top'.
Removed a total of 0 cells.

4.25.3. Executing OPT_RMDFF pass (remove dff with constant values).

4.25.4. Executing OPT_CLEAN pass (remove unused cells and wires).
Finding unused cells or wires in module \top..
  removed 1 unused temporary wires.
Removed 0 unused cells and 7 unused wires.

4.25.5. Finished fast OPT passes.

4.26. Executing MEMORY_MAP pass (converting $mem cells to logic and flip-flops).

4.27. Executing OPT pass (performing simple optimizations).

4.27.1. Executing OPT_EXPR pass (perform const folding).

4.27.2. Executing OPT_MERGE pass (detect identical cells).
Finding identical cells in module `\top'.
Removed a total of 0 cells.

4.27.3. Executing OPT_MUXTREE pass (detect dead branches in mux trees).
Running muxtree optimizer on module \top..
  Creating internal representation of mux trees.
  Evaluating internal representation of mux trees.
    Root of a mux tree: $techmap\timer_1us1.$procmux$6 (pure)
  Analyzing evaluation results.
Removed 0 multiplexer ports.

4.27.4. Executing OPT_REDUCE pass (consolidate $*mux and $reduce_* inputs).
  Optimizing cells in module \top.
Performed a total of 0 changes.

4.27.5. Executing OPT_MERGE pass (detect identical cells).
Finding identical cells in module `\top'.
Removed a total of 0 cells.

4.27.6. Executing OPT_RMDFF pass (remove dff with constant values).

4.27.7. Executing OPT_CLEAN pass (remove unused cells and wires).
Finding unused cells or wires in module \top..
Removed 0 unused cells and 7 unused wires.

4.27.8. Executing OPT_EXPR pass (perform const folding).

4.27.9. Finished OPT passes. (There is nothing left to do.)

4.28. Executing TECHMAP pass (map to technology primitives).

4.28.1. Executing Verilog-2005 frontend.
Parsing Verilog input from `/usr/local/bin/../share/yosys/techmap.v' to AST representation.
Generating RTLIL representation for module `\_90_simplemap_bool_ops'.
Generating RTLIL representation for module `\_90_simplemap_reduce_ops'.
Generating RTLIL representation for module `\_90_simplemap_logic_ops'.
Generating RTLIL representation for module `\_90_simplemap_compare_ops'.
Generating RTLIL representation for module `\_90_simplemap_various'.
Generating RTLIL representation for module `\_90_simplemap_registers'.
Generating RTLIL representation for module `\_90_shift_ops_shr_shl_sshl_sshr'.
Generating RTLIL representation for module `\_90_shift_shiftx'.
Generating RTLIL representation for module `\_90_fa'.
Generating RTLIL representation for module `\_90_lcu'.
Generating RTLIL representation for module `\_90_alu'.
Generating RTLIL representation for module `\_90_macc'.
Generating RTLIL representation for module `\_90_alumacc'.
Generating RTLIL representation for module `\$__div_mod_u'.
Generating RTLIL representation for module `\$__div_mod'.
Generating RTLIL representation for module `\_90_div'.
Generating RTLIL representation for module `\_90_mod'.
Generating RTLIL representation for module `\_90_pow'.
Generating RTLIL representation for module `\_90_pmux'.
Generating RTLIL representation for module `\_90_lut'.
Successfully finished Verilog frontend.

4.28.2. Executing Verilog-2005 frontend.
Parsing Verilog input from `/usr/local/bin/../share/yosys/ice40/arith_map.v' to AST representation.
Generating RTLIL representation for module `\_80_ice40_alu'.
Successfully finished Verilog frontend.

4.28.3. Executing AST frontend in derive mode using pre-parsed AST for module `\_80_ice40_alu'.
Parameter \A_SIGNED = 0
Parameter \B_SIGNED = 0
Parameter \A_WIDTH = 1
Parameter \B_WIDTH = 32
Parameter \Y_WIDTH = 32
Generating RTLIL representation for module `$paramod\_80_ice40_alu\A_SIGNED=0\B_SIGNED=0\A_WIDTH=1\B_WIDTH=32\Y_WIDTH=32'.

4.28.4. Continuing TECHMAP pass.
Mapping top.$auto$alumacc.cc:474:replace_alu$13 using $paramod\_80_ice40_alu\A_SIGNED=0\B_SIGNED=0\A_WIDTH=1\B_WIDTH=32\Y_WIDTH=32.
Mapping top.$techmap\timer_1us1.$procdff$12 ($dff) with simplemap.
Mapping top.$techmap\timer_1us1.$procdff$11 ($dff) with simplemap.
Mapping top.$techmap\timer_1us1.$procmux$6 ($mux) with simplemap.
Mapping top.$techmap\timer_1us1.$eq$/home/rcl/PPS_70us/rtl/timer_1us.v:21$2 ($eq) with simplemap.
Mapping top.$techmap$auto$alumacc.cc:474:replace_alu$13.$xor$/usr/local/bin/../share/yosys/ice40/arith_map.v:68$68 ($xor) with simplemap.
Mapping top.$techmap$auto$alumacc.cc:474:replace_alu$13.$ternary$/usr/local/bin/../share/yosys/ice40/arith_map.v:42$67 ($mux) with simplemap.
Mapping top.$techmap$auto$alumacc.cc:474:replace_alu$13.$not$/usr/local/bin/../share/yosys/ice40/arith_map.v:42$66 ($not) with simplemap.
Mapping top.$auto$alumacc.cc:474:replace_alu$13.B_conv ($pos) with simplemap.
Mapping top.$auto$alumacc.cc:474:replace_alu$13.A_conv ($pos) with simplemap.
No more expansions possible.

4.29. Executing ICE40_OPT pass (performing simple optimizations).

4.29.1. Running ICE40 specific optimizations.

4.29.2. Executing OPT_EXPR pass (perform const folding).
Replacing $_XOR_ cell `$auto$simplemap.cc:85:simplemap_bitop$142' (?0) in module `\top' with constant driver `$auto$simplemap.cc:250:simplemap_eqne$134 [6] = \timer_1us1.count [6]'.
Replacing $_XOR_ cell `$auto$simplemap.cc:85:simplemap_bitop$143' (?0) in module `\top' with constant driver `$auto$simplemap.cc:250:simplemap_eqne$134 [7] = \timer_1us1.count [7]'.
Replacing $_XOR_ cell `$auto$simplemap.cc:85:simplemap_bitop$144' (?0) in module `\top' with constant driver `$auto$simplemap.cc:250:simplemap_eqne$134 [8] = \timer_1us1.count [8]'.
Replacing $_XOR_ cell `$auto$simplemap.cc:85:simplemap_bitop$145' (?0) in module `\top' with constant driver `$auto$simplemap.cc:250:simplemap_eqne$134 [9] = \timer_1us1.count [9]'.
Replacing $_XOR_ cell `$auto$simplemap.cc:85:simplemap_bitop$146' (?0) in module `\top' with constant driver `$auto$simplemap.cc:250:simplemap_eqne$134 [10] = \timer_1us1.count [10]'.
Replacing $_XOR_ cell `$auto$simplemap.cc:85:simplemap_bitop$151' (?0) in module `\top' with constant driver `$auto$simplemap.cc:250:simplemap_eqne$134 [15] = \timer_1us1.count [15]'.
Replacing $_XOR_ cell `$auto$simplemap.cc:85:simplemap_bitop$153' (?0) in module `\top' with constant driver `$auto$simplemap.cc:250:simplemap_eqne$134 [17] = \timer_1us1.count [17]'.
Replacing $_XOR_ cell `$auto$simplemap.cc:85:simplemap_bitop$159' (?0) in module `\top' with constant driver `$auto$simplemap.cc:250:simplemap_eqne$134 [23] = \timer_1us1.count [23]'.
Replacing $_XOR_ cell `$auto$simplemap.cc:85:simplemap_bitop$161' (?0) in module `\top' with constant driver `$auto$simplemap.cc:250:simplemap_eqne$134 [25] = \timer_1us1.count [25]'.
Replacing $_XOR_ cell `$auto$simplemap.cc:85:simplemap_bitop$162' (?0) in module `\top' with constant driver `$auto$simplemap.cc:250:simplemap_eqne$134 [26] = \timer_1us1.count [26]'.
Replacing $_XOR_ cell `$auto$simplemap.cc:85:simplemap_bitop$163' (?0) in module `\top' with constant driver `$auto$simplemap.cc:250:simplemap_eqne$134 [27] = \timer_1us1.count [27]'.
Replacing $_XOR_ cell `$auto$simplemap.cc:85:simplemap_bitop$164' (?0) in module `\top' with constant driver `$auto$simplemap.cc:250:simplemap_eqne$134 [28] = \timer_1us1.count [28]'.
Replacing $_XOR_ cell `$auto$simplemap.cc:85:simplemap_bitop$165' (?0) in module `\top' with constant driver `$auto$simplemap.cc:250:simplemap_eqne$134 [29] = \timer_1us1.count [29]'.
Replacing $_XOR_ cell `$auto$simplemap.cc:85:simplemap_bitop$166' (?0) in module `\top' with constant driver `$auto$simplemap.cc:250:simplemap_eqne$134 [30] = \timer_1us1.count [30]'.
Replacing $_XOR_ cell `$auto$simplemap.cc:85:simplemap_bitop$167' (?0) in module `\top' with constant driver `$auto$simplemap.cc:250:simplemap_eqne$134 [31] = \timer_1us1.count [31]'.
Optimizing away select inverter for $_MUX_ cell `$auto$simplemap.cc:277:simplemap_mux$102' in module `top'.
Optimizing away select inverter for $_MUX_ cell `$auto$simplemap.cc:277:simplemap_mux$103' in module `top'.
Optimizing away select inverter for $_MUX_ cell `$auto$simplemap.cc:277:simplemap_mux$104' in module `top'.
Optimizing away select inverter for $_MUX_ cell `$auto$simplemap.cc:277:simplemap_mux$105' in module `top'.
Optimizing away select inverter for $_MUX_ cell `$auto$simplemap.cc:277:simplemap_mux$106' in module `top'.
Optimizing away select inverter for $_MUX_ cell `$auto$simplemap.cc:277:simplemap_mux$107' in module `top'.
Optimizing away select inverter for $_MUX_ cell `$auto$simplemap.cc:277:simplemap_mux$108' in module `top'.
Optimizing away select inverter for $_MUX_ cell `$auto$simplemap.cc:277:simplemap_mux$109' in module `top'.
Optimizing away select inverter for $_MUX_ cell `$auto$simplemap.cc:277:simplemap_mux$110' in module `top'.
Optimizing away select inverter for $_MUX_ cell `$auto$simplemap.cc:277:simplemap_mux$111' in module `top'.
Optimizing away select inverter for $_MUX_ cell `$auto$simplemap.cc:277:simplemap_mux$112' in module `top'.
Optimizing away select inverter for $_MUX_ cell `$auto$simplemap.cc:277:simplemap_mux$113' in module `top'.
Optimizing away select inverter for $_MUX_ cell `$auto$simplemap.cc:277:simplemap_mux$114' in module `top'.
Optimizing away select inverter for $_MUX_ cell `$auto$simplemap.cc:277:simplemap_mux$115' in module `top'.
Optimizing away select inverter for $_MUX_ cell `$auto$simplemap.cc:277:simplemap_mux$116' in module `top'.
Optimizing away select inverter for $_MUX_ cell `$auto$simplemap.cc:277:simplemap_mux$117' in module `top'.
Optimizing away select inverter for $_MUX_ cell `$auto$simplemap.cc:277:simplemap_mux$118' in module `top'.
Optimizing away select inverter for $_MUX_ cell `$auto$simplemap.cc:277:simplemap_mux$119' in module `top'.
Optimizing away select inverter for $_MUX_ cell `$auto$simplemap.cc:277:simplemap_mux$120' in module `top'.
Optimizing away select inverter for $_MUX_ cell `$auto$simplemap.cc:277:simplemap_mux$121' in module `top'.
Optimizing away select inverter for $_MUX_ cell `$auto$simplemap.cc:277:simplemap_mux$122' in module `top'.
Optimizing away select inverter for $_MUX_ cell `$auto$simplemap.cc:277:simplemap_mux$123' in module `top'.
Optimizing away select inverter for $_MUX_ cell `$auto$simplemap.cc:277:simplemap_mux$124' in module `top'.
Optimizing away select inverter for $_MUX_ cell `$auto$simplemap.cc:277:simplemap_mux$125' in module `top'.
Optimizing away select inverter for $_MUX_ cell `$auto$simplemap.cc:277:simplemap_mux$126' in module `top'.
Optimizing away select inverter for $_MUX_ cell `$auto$simplemap.cc:277:simplemap_mux$127' in module `top'.
Optimizing away select inverter for $_MUX_ cell `$auto$simplemap.cc:277:simplemap_mux$128' in module `top'.
Optimizing away select inverter for $_MUX_ cell `$auto$simplemap.cc:277:simplemap_mux$129' in module `top'.
Optimizing away select inverter for $_MUX_ cell `$auto$simplemap.cc:277:simplemap_mux$130' in module `top'.
Optimizing away select inverter for $_MUX_ cell `$auto$simplemap.cc:277:simplemap_mux$131' in module `top'.
Optimizing away select inverter for $_MUX_ cell `$auto$simplemap.cc:277:simplemap_mux$132' in module `top'.
Optimizing away select inverter for $_MUX_ cell `$auto$simplemap.cc:277:simplemap_mux$133' in module `top'.
Replacing $_MUX_ cell `$auto$simplemap.cc:277:simplemap_mux$247' (??0) in module `\top' with constant driver `$techmap$auto$alumacc.cc:474:replace_alu$13.$ternary$/usr/local/bin/../share/yosys/ice40/arith_map.v:42$67_Y [7] = \timer_1us1.count [7]'.
Replacing $_XOR_ cell `$auto$simplemap.cc:85:simplemap_bitop$215' (0?) in module `\top' with constant driver `$techmap$auto$alumacc.cc:474:replace_alu$13.$xor$/usr/local/bin/../share/yosys/ice40/arith_map.v:68$68_Y [7] = \timer_1us1.count [7]'.
Replacing $_MUX_ cell `$auto$simplemap.cc:277:simplemap_mux$240' (??0) in module `\top' with constant driver `$techmap$auto$alumacc.cc:474:replace_alu$13.$ternary$/usr/local/bin/../share/yosys/ice40/arith_map.v:42$67_Y [0] = \timer_1us1.count [0]'.
Replacing $_MUX_ cell `$auto$simplemap.cc:277:simplemap_mux$241' (??0) in module `\top' with constant driver `$techmap$auto$alumacc.cc:474:replace_alu$13.$ternary$/usr/local/bin/../share/yosys/ice40/arith_map.v:42$67_Y [1] = \timer_1us1.count [1]'.
Replacing $_XOR_ cell `$auto$simplemap.cc:85:simplemap_bitop$209' (0?) in module `\top' with constant driver `$techmap$auto$alumacc.cc:474:replace_alu$13.$xor$/usr/local/bin/../share/yosys/ice40/arith_map.v:68$68_Y [1] = \timer_1us1.count [1]'.
Replacing $_MUX_ cell `$auto$simplemap.cc:277:simplemap_mux$242' (??0) in module `\top' with constant driver `$techmap$auto$alumacc.cc:474:replace_alu$13.$ternary$/usr/local/bin/../share/yosys/ice40/arith_map.v:42$67_Y [2] = \timer_1us1.count [2]'.
Replacing $_XOR_ cell `$auto$simplemap.cc:85:simplemap_bitop$210' (0?) in module `\top' with constant driver `$techmap$auto$alumacc.cc:474:replace_alu$13.$xor$/usr/local/bin/../share/yosys/ice40/arith_map.v:68$68_Y [2] = \timer_1us1.count [2]'.
Replacing $_MUX_ cell `$auto$simplemap.cc:277:simplemap_mux$243' (??0) in module `\top' with constant driver `$techmap$auto$alumacc.cc:474:replace_alu$13.$ternary$/usr/local/bin/../share/yosys/ice40/arith_map.v:42$67_Y [3] = \timer_1us1.count [3]'.
Replacing $_XOR_ cell `$auto$simplemap.cc:85:simplemap_bitop$211' (0?) in module `\top' with constant driver `$techmap$auto$alumacc.cc:474:replace_alu$13.$xor$/usr/local/bin/../share/yosys/ice40/arith_map.v:68$68_Y [3] = \timer_1us1.count [3]'.
Replacing $_MUX_ cell `$auto$simplemap.cc:277:simplemap_mux$244' (??0) in module `\top' with constant driver `$techmap$auto$alumacc.cc:474:replace_alu$13.$ternary$/usr/local/bin/../share/yosys/ice40/arith_map.v:42$67_Y [4] = \timer_1us1.count [4]'.
Replacing $_XOR_ cell `$auto$simplemap.cc:85:simplemap_bitop$212' (0?) in module `\top' with constant driver `$techmap$auto$alumacc.cc:474:replace_alu$13.$xor$/usr/local/bin/../share/yosys/ice40/arith_map.v:68$68_Y [4] = \timer_1us1.count [4]'.
Replacing $_MUX_ cell `$auto$simplemap.cc:277:simplemap_mux$245' (??0) in module `\top' with constant driver `$techmap$auto$alumacc.cc:474:replace_alu$13.$ternary$/usr/local/bin/../share/yosys/ice40/arith_map.v:42$67_Y [5] = \timer_1us1.count [5]'.
Replacing $_XOR_ cell `$auto$simplemap.cc:85:simplemap_bitop$213' (0?) in module `\top' with constant driver `$techmap$auto$alumacc.cc:474:replace_alu$13.$xor$/usr/local/bin/../share/yosys/ice40/arith_map.v:68$68_Y [5] = \timer_1us1.count [5]'.
Replacing $_MUX_ cell `$auto$simplemap.cc:277:simplemap_mux$246' (??0) in module `\top' with constant driver `$techmap$auto$alumacc.cc:474:replace_alu$13.$ternary$/usr/local/bin/../share/yosys/ice40/arith_map.v:42$67_Y [6] = \timer_1us1.count [6]'.
Replacing $_XOR_ cell `$auto$simplemap.cc:85:simplemap_bitop$214' (0?) in module `\top' with constant driver `$techmap$auto$alumacc.cc:474:replace_alu$13.$xor$/usr/local/bin/../share/yosys/ice40/arith_map.v:68$68_Y [6] = \timer_1us1.count [6]'.
Replacing $_MUX_ cell `$auto$simplemap.cc:277:simplemap_mux$248' (??0) in module `\top' with constant driver `$techmap$auto$alumacc.cc:474:replace_alu$13.$ternary$/usr/local/bin/../share/yosys/ice40/arith_map.v:42$67_Y [8] = \timer_1us1.count [8]'.
Replacing $_XOR_ cell `$auto$simplemap.cc:85:simplemap_bitop$216' (0?) in module `\top' with constant driver `$techmap$auto$alumacc.cc:474:replace_alu$13.$xor$/usr/local/bin/../share/yosys/ice40/arith_map.v:68$68_Y [8] = \timer_1us1.count [8]'.
Replacing $_MUX_ cell `$auto$simplemap.cc:277:simplemap_mux$249' (??0) in module `\top' with constant driver `$techmap$auto$alumacc.cc:474:replace_alu$13.$ternary$/usr/local/bin/../share/yosys/ice40/arith_map.v:42$67_Y [9] = \timer_1us1.count [9]'.
Replacing $_XOR_ cell `$auto$simplemap.cc:85:simplemap_bitop$217' (0?) in module `\top' with constant driver `$techmap$auto$alumacc.cc:474:replace_alu$13.$xor$/usr/local/bin/../share/yosys/ice40/arith_map.v:68$68_Y [9] = \timer_1us1.count [9]'.
Replacing $_MUX_ cell `$auto$simplemap.cc:277:simplemap_mux$250' (??0) in module `\top' with constant driver `$techmap$auto$alumacc.cc:474:replace_alu$13.$ternary$/usr/local/bin/../share/yosys/ice40/arith_map.v:42$67_Y [10] = \timer_1us1.count [10]'.
Replacing $_XOR_ cell `$auto$simplemap.cc:85:simplemap_bitop$218' (0?) in module `\top' with constant driver `$techmap$auto$alumacc.cc:474:replace_alu$13.$xor$/usr/local/bin/../share/yosys/ice40/arith_map.v:68$68_Y [10] = \timer_1us1.count [10]'.
Replacing $_MUX_ cell `$auto$simplemap.cc:277:simplemap_mux$251' (??0) in module `\top' with constant driver `$techmap$auto$alumacc.cc:474:replace_alu$13.$ternary$/usr/local/bin/../share/yosys/ice40/arith_map.v:42$67_Y [11] = \timer_1us1.count [11]'.
Replacing $_XOR_ cell `$auto$simplemap.cc:85:simplemap_bitop$219' (0?) in module `\top' with constant driver `$techmap$auto$alumacc.cc:474:replace_alu$13.$xor$/usr/local/bin/../share/yosys/ice40/arith_map.v:68$68_Y [11] = \timer_1us1.count [11]'.
Replacing $_MUX_ cell `$auto$simplemap.cc:277:simplemap_mux$252' (??0) in module `\top' with constant driver `$techmap$auto$alumacc.cc:474:replace_alu$13.$ternary$/usr/local/bin/../share/yosys/ice40/arith_map.v:42$67_Y [12] = \timer_1us1.count [12]'.
Replacing $_XOR_ cell `$auto$simplemap.cc:85:simplemap_bitop$220' (0?) in module `\top' with constant driver `$techmap$auto$alumacc.cc:474:replace_alu$13.$xor$/usr/local/bin/../share/yosys/ice40/arith_map.v:68$68_Y [12] = \timer_1us1.count [12]'.
Replacing $_MUX_ cell `$auto$simplemap.cc:277:simplemap_mux$253' (??0) in module `\top' with constant driver `$techmap$auto$alumacc.cc:474:replace_alu$13.$ternary$/usr/local/bin/../share/yosys/ice40/arith_map.v:42$67_Y [13] = \timer_1us1.count [13]'.
Replacing $_XOR_ cell `$auto$simplemap.cc:85:simplemap_bitop$221' (0?) in module `\top' with constant driver `$techmap$auto$alumacc.cc:474:replace_alu$13.$xor$/usr/local/bin/../share/yosys/ice40/arith_map.v:68$68_Y [13] = \timer_1us1.count [13]'.
Replacing $_MUX_ cell `$auto$simplemap.cc:277:simplemap_mux$254' (??0) in module `\top' with constant driver `$techmap$auto$alumacc.cc:474:replace_alu$13.$ternary$/usr/local/bin/../share/yosys/ice40/arith_map.v:42$67_Y [14] = \timer_1us1.count [14]'.
Replacing $_XOR_ cell `$auto$simplemap.cc:85:simplemap_bitop$222' (0?) in module `\top' with constant driver `$techmap$auto$alumacc.cc:474:replace_alu$13.$xor$/usr/local/bin/../share/yosys/ice40/arith_map.v:68$68_Y [14] = \timer_1us1.count [14]'.
Replacing $_MUX_ cell `$auto$simplemap.cc:277:simplemap_mux$255' (??0) in module `\top' with constant driver `$techmap$auto$alumacc.cc:474:replace_alu$13.$ternary$/usr/local/bin/../share/yosys/ice40/arith_map.v:42$67_Y [15] = \timer_1us1.count [15]'.
Replacing $_XOR_ cell `$auto$simplemap.cc:85:simplemap_bitop$223' (0?) in module `\top' with constant driver `$techmap$auto$alumacc.cc:474:replace_alu$13.$xor$/usr/local/bin/../share/yosys/ice40/arith_map.v:68$68_Y [15] = \timer_1us1.count [15]'.
Replacing $_MUX_ cell `$auto$simplemap.cc:277:simplemap_mux$256' (??0) in module `\top' with constant driver `$techmap$auto$alumacc.cc:474:replace_alu$13.$ternary$/usr/local/bin/../share/yosys/ice40/arith_map.v:42$67_Y [16] = \timer_1us1.count [16]'.
Replacing $_XOR_ cell `$auto$simplemap.cc:85:simplemap_bitop$224' (0?) in module `\top' with constant driver `$techmap$auto$alumacc.cc:474:replace_alu$13.$xor$/usr/local/bin/../share/yosys/ice40/arith_map.v:68$68_Y [16] = \timer_1us1.count [16]'.
Replacing $_MUX_ cell `$auto$simplemap.cc:277:simplemap_mux$257' (??0) in module `\top' with constant driver `$techmap$auto$alumacc.cc:474:replace_alu$13.$ternary$/usr/local/bin/../share/yosys/ice40/arith_map.v:42$67_Y [17] = \timer_1us1.count [17]'.
Replacing $_XOR_ cell `$auto$simplemap.cc:85:simplemap_bitop$225' (0?) in module `\top' with constant driver `$techmap$auto$alumacc.cc:474:replace_alu$13.$xor$/usr/local/bin/../share/yosys/ice40/arith_map.v:68$68_Y [17] = \timer_1us1.count [17]'.
Replacing $_MUX_ cell `$auto$simplemap.cc:277:simplemap_mux$258' (??0) in module `\top' with constant driver `$techmap$auto$alumacc.cc:474:replace_alu$13.$ternary$/usr/local/bin/../share/yosys/ice40/arith_map.v:42$67_Y [18] = \timer_1us1.count [18]'.
Replacing $_XOR_ cell `$auto$simplemap.cc:85:simplemap_bitop$226' (0?) in module `\top' with constant driver `$techmap$auto$alumacc.cc:474:replace_alu$13.$xor$/usr/local/bin/../share/yosys/ice40/arith_map.v:68$68_Y [18] = \timer_1us1.count [18]'.
Replacing $_MUX_ cell `$auto$simplemap.cc:277:simplemap_mux$259' (??0) in module `\top' with constant driver `$techmap$auto$alumacc.cc:474:replace_alu$13.$ternary$/usr/local/bin/../share/yosys/ice40/arith_map.v:42$67_Y [19] = \timer_1us1.count [19]'.
Replacing $_XOR_ cell `$auto$simplemap.cc:85:simplemap_bitop$227' (0?) in module `\top' with constant driver `$techmap$auto$alumacc.cc:474:replace_alu$13.$xor$/usr/local/bin/../share/yosys/ice40/arith_map.v:68$68_Y [19] = \timer_1us1.count [19]'.
Replacing $_MUX_ cell `$auto$simplemap.cc:277:simplemap_mux$260' (??0) in module `\top' with constant driver `$techmap$auto$alumacc.cc:474:replace_alu$13.$ternary$/usr/local/bin/../share/yosys/ice40/arith_map.v:42$67_Y [20] = \timer_1us1.count [20]'.
Replacing $_XOR_ cell `$auto$simplemap.cc:85:simplemap_bitop$228' (0?) in module `\top' with constant driver `$techmap$auto$alumacc.cc:474:replace_alu$13.$xor$/usr/local/bin/../share/yosys/ice40/arith_map.v:68$68_Y [20] = \timer_1us1.count [20]'.
Replacing $_MUX_ cell `$auto$simplemap.cc:277:simplemap_mux$261' (??0) in module `\top' with constant driver `$techmap$auto$alumacc.cc:474:replace_alu$13.$ternary$/usr/local/bin/../share/yosys/ice40/arith_map.v:42$67_Y [21] = \timer_1us1.count [21]'.
Replacing $_XOR_ cell `$auto$simplemap.cc:85:simplemap_bitop$229' (0?) in module `\top' with constant driver `$techmap$auto$alumacc.cc:474:replace_alu$13.$xor$/usr/local/bin/../share/yosys/ice40/arith_map.v:68$68_Y [21] = \timer_1us1.count [21]'.
Replacing $_MUX_ cell `$auto$simplemap.cc:277:simplemap_mux$262' (??0) in module `\top' with constant driver `$techmap$auto$alumacc.cc:474:replace_alu$13.$ternary$/usr/local/bin/../share/yosys/ice40/arith_map.v:42$67_Y [22] = \timer_1us1.count [22]'.
Replacing $_XOR_ cell `$auto$simplemap.cc:85:simplemap_bitop$230' (0?) in module `\top' with constant driver `$techmap$auto$alumacc.cc:474:replace_alu$13.$xor$/usr/local/bin/../share/yosys/ice40/arith_map.v:68$68_Y [22] = \timer_1us1.count [22]'.
Replacing $_MUX_ cell `$auto$simplemap.cc:277:simplemap_mux$263' (??0) in module `\top' with constant driver `$techmap$auto$alumacc.cc:474:replace_alu$13.$ternary$/usr/local/bin/../share/yosys/ice40/arith_map.v:42$67_Y [23] = \timer_1us1.count [23]'.
Replacing $_XOR_ cell `$auto$simplemap.cc:85:simplemap_bitop$231' (0?) in module `\top' with constant driver `$techmap$auto$alumacc.cc:474:replace_alu$13.$xor$/usr/local/bin/../share/yosys/ice40/arith_map.v:68$68_Y [23] = \timer_1us1.count [23]'.
Replacing $_MUX_ cell `$auto$simplemap.cc:277:simplemap_mux$264' (??0) in module `\top' with constant driver `$techmap$auto$alumacc.cc:474:replace_alu$13.$ternary$/usr/local/bin/../share/yosys/ice40/arith_map.v:42$67_Y [24] = \timer_1us1.count [24]'.
Replacing $_XOR_ cell `$auto$simplemap.cc:85:simplemap_bitop$232' (0?) in module `\top' with constant driver `$techmap$auto$alumacc.cc:474:replace_alu$13.$xor$/usr/local/bin/../share/yosys/ice40/arith_map.v:68$68_Y [24] = \timer_1us1.count [24]'.
Replacing $_MUX_ cell `$auto$simplemap.cc:277:simplemap_mux$265' (??0) in module `\top' with constant driver `$techmap$auto$alumacc.cc:474:replace_alu$13.$ternary$/usr/local/bin/../share/yosys/ice40/arith_map.v:42$67_Y [25] = \timer_1us1.count [25]'.
Replacing $_XOR_ cell `$auto$simplemap.cc:85:simplemap_bitop$233' (0?) in module `\top' with constant driver `$techmap$auto$alumacc.cc:474:replace_alu$13.$xor$/usr/local/bin/../share/yosys/ice40/arith_map.v:68$68_Y [25] = \timer_1us1.count [25]'.
Replacing $_MUX_ cell `$auto$simplemap.cc:277:simplemap_mux$266' (??0) in module `\top' with constant driver `$techmap$auto$alumacc.cc:474:replace_alu$13.$ternary$/usr/local/bin/../share/yosys/ice40/arith_map.v:42$67_Y [26] = \timer_1us1.count [26]'.
Replacing $_XOR_ cell `$auto$simplemap.cc:85:simplemap_bitop$234' (0?) in module `\top' with constant driver `$techmap$auto$alumacc.cc:474:replace_alu$13.$xor$/usr/local/bin/../share/yosys/ice40/arith_map.v:68$68_Y [26] = \timer_1us1.count [26]'.
Replacing $_MUX_ cell `$auto$simplemap.cc:277:simplemap_mux$267' (??0) in module `\top' with constant driver `$techmap$auto$alumacc.cc:474:replace_alu$13.$ternary$/usr/local/bin/../share/yosys/ice40/arith_map.v:42$67_Y [27] = \timer_1us1.count [27]'.
Replacing $_XOR_ cell `$auto$simplemap.cc:85:simplemap_bitop$235' (0?) in module `\top' with constant driver `$techmap$auto$alumacc.cc:474:replace_alu$13.$xor$/usr/local/bin/../share/yosys/ice40/arith_map.v:68$68_Y [27] = \timer_1us1.count [27]'.
Replacing $_MUX_ cell `$auto$simplemap.cc:277:simplemap_mux$268' (??0) in module `\top' with constant driver `$techmap$auto$alumacc.cc:474:replace_alu$13.$ternary$/usr/local/bin/../share/yosys/ice40/arith_map.v:42$67_Y [28] = \timer_1us1.count [28]'.
Replacing $_XOR_ cell `$auto$simplemap.cc:85:simplemap_bitop$236' (0?) in module `\top' with constant driver `$techmap$auto$alumacc.cc:474:replace_alu$13.$xor$/usr/local/bin/../share/yosys/ice40/arith_map.v:68$68_Y [28] = \timer_1us1.count [28]'.
Replacing $_MUX_ cell `$auto$simplemap.cc:277:simplemap_mux$269' (??0) in module `\top' with constant driver `$techmap$auto$alumacc.cc:474:replace_alu$13.$ternary$/usr/local/bin/../share/yosys/ice40/arith_map.v:42$67_Y [29] = \timer_1us1.count [29]'.
Replacing $_XOR_ cell `$auto$simplemap.cc:85:simplemap_bitop$237' (0?) in module `\top' with constant driver `$techmap$auto$alumacc.cc:474:replace_alu$13.$xor$/usr/local/bin/../share/yosys/ice40/arith_map.v:68$68_Y [29] = \timer_1us1.count [29]'.
Replacing $_MUX_ cell `$auto$simplemap.cc:277:simplemap_mux$270' (??0) in module `\top' with constant driver `$techmap$auto$alumacc.cc:474:replace_alu$13.$ternary$/usr/local/bin/../share/yosys/ice40/arith_map.v:42$67_Y [30] = \timer_1us1.count [30]'.
Replacing $_XOR_ cell `$auto$simplemap.cc:85:simplemap_bitop$238' (0?) in module `\top' with constant driver `$techmap$auto$alumacc.cc:474:replace_alu$13.$xor$/usr/local/bin/../share/yosys/ice40/arith_map.v:68$68_Y [30] = \timer_1us1.count [30]'.
Replacing $_MUX_ cell `$auto$simplemap.cc:277:simplemap_mux$271' (??0) in module `\top' with constant driver `$techmap$auto$alumacc.cc:474:replace_alu$13.$ternary$/usr/local/bin/../share/yosys/ice40/arith_map.v:42$67_Y [31] = \timer_1us1.count [31]'.
Replacing $_XOR_ cell `$auto$simplemap.cc:85:simplemap_bitop$239' (0?) in module `\top' with constant driver `$techmap$auto$alumacc.cc:474:replace_alu$13.$xor$/usr/local/bin/../share/yosys/ice40/arith_map.v:68$68_Y [31] = \timer_1us1.count [31]'.

4.29.3. Executing OPT_MERGE pass (detect identical cells).
Finding identical cells in module `\top'.
  Cell `$auto$simplemap.cc:85:simplemap_bitop$136' is identical to cell `$auto$simplemap.cc:85:simplemap_bitop$208'.
    Redirecting output \Y: $auto$simplemap.cc:250:simplemap_eqne$134 [0] = $techmap$auto$alumacc.cc:474:replace_alu$13.$xor$/usr/local/bin/../share/yosys/ice40/arith_map.v:68$68_Y [0]
    Removing $_XOR_ cell `$auto$simplemap.cc:85:simplemap_bitop$136' from module `\top'.
Removed a total of 1 cells.

4.29.4. Executing OPT_RMDFF pass (remove dff with constant values).

4.29.5. Executing OPT_CLEAN pass (remove unused cells and wires).
Finding unused cells or wires in module \top..
  removing unused `\SB_CARRY' cell `$auto$alumacc.cc:474:replace_alu$13.slice[31].carry'.
  removing unused `$_NOT_' cell `$auto$simplemap.cc:37:simplemap_not$272'.
  removing unused `$_NOT_' cell `$auto$simplemap.cc:37:simplemap_not$273'.
  removing unused `$_NOT_' cell `$auto$simplemap.cc:37:simplemap_not$274'.
  removing unused `$_NOT_' cell `$auto$simplemap.cc:37:simplemap_not$275'.
  removing unused `$_NOT_' cell `$auto$simplemap.cc:37:simplemap_not$276'.
  removing unused `$_NOT_' cell `$auto$simplemap.cc:37:simplemap_not$277'.
  removing unused `$_NOT_' cell `$auto$simplemap.cc:37:simplemap_not$278'.
  removing unused `$_NOT_' cell `$auto$simplemap.cc:37:simplemap_not$279'.
  removing unused `$_NOT_' cell `$auto$simplemap.cc:37:simplemap_not$280'.
  removing unused `$_NOT_' cell `$auto$simplemap.cc:37:simplemap_not$281'.
  removing unused `$_NOT_' cell `$auto$simplemap.cc:37:simplemap_not$282'.
  removing unused `$_NOT_' cell `$auto$simplemap.cc:37:simplemap_not$283'.
  removing unused `$_NOT_' cell `$auto$simplemap.cc:37:simplemap_not$284'.
  removing unused `$_NOT_' cell `$auto$simplemap.cc:37:simplemap_not$285'.
  removing unused `$_NOT_' cell `$auto$simplemap.cc:37:simplemap_not$286'.
  removing unused `$_NOT_' cell `$auto$simplemap.cc:37:simplemap_not$287'.
  removing unused `$_NOT_' cell `$auto$simplemap.cc:37:simplemap_not$288'.
  removing unused `$_NOT_' cell `$auto$simplemap.cc:37:simplemap_not$289'.
  removing unused `$_NOT_' cell `$auto$simplemap.cc:37:simplemap_not$290'.
  removing unused `$_NOT_' cell `$auto$simplemap.cc:37:simplemap_not$291'.
  removing unused `$_NOT_' cell `$auto$simplemap.cc:37:simplemap_not$292'.
  removing unused `$_NOT_' cell `$auto$simplemap.cc:37:simplemap_not$293'.
  removing unused `$_NOT_' cell `$auto$simplemap.cc:37:simplemap_not$294'.
  removing unused `$_NOT_' cell `$auto$simplemap.cc:37:simplemap_not$295'.
  removing unused `$_NOT_' cell `$auto$simplemap.cc:37:simplemap_not$296'.
  removing unused `$_NOT_' cell `$auto$simplemap.cc:37:simplemap_not$297'.
  removing unused `$_NOT_' cell `$auto$simplemap.cc:37:simplemap_not$298'.
  removing unused `$_NOT_' cell `$auto$simplemap.cc:37:simplemap_not$299'.
  removing unused `$_NOT_' cell `$auto$simplemap.cc:37:simplemap_not$300'.
  removing unused `$_NOT_' cell `$auto$simplemap.cc:37:simplemap_not$301'.
  removing unused `$_NOT_' cell `$auto$simplemap.cc:37:simplemap_not$302'.
  removing unused `$_NOT_' cell `$auto$simplemap.cc:37:simplemap_not$303'.
  removed 17 unused temporary wires.
Removed 33 unused cells and 24 unused wires.

4.29.6. Rerunning OPT passes. (Removed registers in this run.)

4.29.7. Running ICE40 specific optimizations.
Optimized away SB_CARRY cell top.$auto$alumacc.cc:474:replace_alu$13.slice[0].carry: CO=\timer_1us1.count [0]
Mapping SB_LUT4 cell top.$auto$alumacc.cc:474:replace_alu$13.slice[1].adder back to logic.

4.29.8. Executing OPT_EXPR pass (perform const folding).
Replacing $_MUX_ cell `$auto$simplemap.cc:311:simplemap_lut$308' (010) in module `\top' with constant driver `$auto$simplemap.cc:309:simplemap_lut$304 [3] = 1'0'.
Replacing $_MUX_ cell `$auto$simplemap.cc:311:simplemap_lut$307' (100) in module `\top' with constant driver `$auto$simplemap.cc:309:simplemap_lut$304 [2] = 1'1'.
Replacing $_MUX_ cell `$auto$simplemap.cc:311:simplemap_lut$315' (100) in module `\top' with constant driver `$auto$simplemap.cc:309:simplemap_lut$313 [1] = 1'1'.
Replacing $_MUX_ cell `$auto$simplemap.cc:311:simplemap_lut$306' (100) in module `\top' with constant driver `$auto$simplemap.cc:309:simplemap_lut$304 [1] = 1'1'.
Replacing $_MUX_ cell `$auto$simplemap.cc:311:simplemap_lut$305' (010) in module `\top' with constant driver `$auto$simplemap.cc:309:simplemap_lut$304 [0] = 1'0'.
Replacing $_MUX_ cell `$auto$simplemap.cc:311:simplemap_lut$314' (010) in module `\top' with constant driver `$auto$simplemap.cc:309:simplemap_lut$313 [0] = 1'0'.
Replacing $_MUX_ cell `$auto$simplemap.cc:311:simplemap_lut$319' (01?) in module `\top' with constant driver `$auto$simplemap.cc:309:simplemap_lut$318 [0] = \timer_1us1.count [1]'.
Replacing $_MUX_ cell `$auto$simplemap.cc:311:simplemap_lut$310' (010) in module `\top' with constant driver `$auto$simplemap.cc:309:simplemap_lut$304 [5] = 1'0'.
Replacing $_MUX_ cell `$auto$simplemap.cc:311:simplemap_lut$309' (100) in module `\top' with constant driver `$auto$simplemap.cc:309:simplemap_lut$304 [4] = 1'1'.
Replacing $_MUX_ cell `$auto$simplemap.cc:311:simplemap_lut$316' (100) in module `\top' with constant driver `$auto$simplemap.cc:309:simplemap_lut$313 [2] = 1'1'.
Replacing $_MUX_ cell `$auto$simplemap.cc:311:simplemap_lut$312' (100) in module `\top' with constant driver `$auto$simplemap.cc:309:simplemap_lut$304 [7] = 1'1'.
Replacing $_MUX_ cell `$auto$simplemap.cc:311:simplemap_lut$311' (010) in module `\top' with constant driver `$auto$simplemap.cc:309:simplemap_lut$304 [6] = 1'0'.
Replacing $_MUX_ cell `$auto$simplemap.cc:311:simplemap_lut$317' (010) in module `\top' with constant driver `$auto$simplemap.cc:309:simplemap_lut$313 [3] = 1'0'.

4.29.9. Executing OPT_MERGE pass (detect identical cells).
Finding identical cells in module `\top'.
Removed a total of 0 cells.

4.29.10. Executing OPT_RMDFF pass (remove dff with constant values).

4.29.11. Executing OPT_CLEAN pass (remove unused cells and wires).
Finding unused cells or wires in module \top..
  removed 2 unused temporary wires.
Removed 33 unused cells and 26 unused wires.

4.29.12. Rerunning OPT passes. (Removed registers in this run.)

4.29.13. Running ICE40 specific optimizations.

4.29.14. Executing OPT_EXPR pass (perform const folding).

4.29.15. Executing OPT_MERGE pass (detect identical cells).
Finding identical cells in module `\top'.
Removed a total of 0 cells.

4.29.16. Executing OPT_RMDFF pass (remove dff with constant values).

4.29.17. Executing OPT_CLEAN pass (remove unused cells and wires).
Finding unused cells or wires in module \top..
Removed 33 unused cells and 26 unused wires.

4.29.18. Finished OPT passes. (There is nothing left to do.)

4.30. Executing DFFSR2DFF pass (mapping DFFSR cells to simpler FFs).

4.31. Executing DFF2DFFE pass (transform $dff to $dffe where applicable).
Selected cell types for direct conversion:
  $_DFF_PP1_ -> $__DFFE_PP1
  $_DFF_PP0_ -> $__DFFE_PP0
  $_DFF_PN1_ -> $__DFFE_PN1
  $_DFF_PN0_ -> $__DFFE_PN0
  $_DFF_NP1_ -> $__DFFE_NP1
  $_DFF_NP0_ -> $__DFFE_NP0
  $_DFF_NN1_ -> $__DFFE_NN1
  $_DFF_NN0_ -> $__DFFE_NN0
  $_DFF_N_ -> $_DFFE_NP_
  $_DFF_P_ -> $_DFFE_PP_
Transforming FF to FF+Enable cells in module top:
  converting $_DFF_P_ cell $auto$simplemap.cc:420:simplemap_dff$70 to $_DFFE_PP_ for $techmap\timer_1us1.$0\count[31:0] [1] -> \timer_1us1.count [1].

4.32. Executing TECHMAP pass (map to technology primitives).

4.32.1. Executing Verilog-2005 frontend.
Parsing Verilog input from `/usr/local/bin/../share/yosys/ice40/cells_map.v' to AST representation.
Generating RTLIL representation for module `\$_DFF_N_'.
Generating RTLIL representation for module `\$_DFF_P_'.
Generating RTLIL representation for module `\$_DFFE_NN_'.
Generating RTLIL representation for module `\$_DFFE_PN_'.
Generating RTLIL representation for module `\$_DFFE_NP_'.
Generating RTLIL representation for module `\$_DFFE_PP_'.
Generating RTLIL representation for module `\$_DFF_NN0_'.
Generating RTLIL representation for module `\$_DFF_NN1_'.
Generating RTLIL representation for module `\$_DFF_PN0_'.
Generating RTLIL representation for module `\$_DFF_PN1_'.
Generating RTLIL representation for module `\$_DFF_NP0_'.
Generating RTLIL representation for module `\$_DFF_NP1_'.
Generating RTLIL representation for module `\$_DFF_PP0_'.
Generating RTLIL representation for module `\$_DFF_PP1_'.
Generating RTLIL representation for module `\$__DFFE_NN0'.
Generating RTLIL representation for module `\$__DFFE_NN1'.
Generating RTLIL representation for module `\$__DFFE_PN0'.
Generating RTLIL representation for module `\$__DFFE_PN1'.
Generating RTLIL representation for module `\$__DFFE_NP0'.
Generating RTLIL representation for module `\$__DFFE_NP1'.
Generating RTLIL representation for module `\$__DFFE_PP0'.
Generating RTLIL representation for module `\$__DFFE_PP1'.
Successfully finished Verilog frontend.
Mapping top.$auto$simplemap.cc:420:simplemap_dff$69 using \$_DFF_P_.
Mapping top.$auto$simplemap.cc:420:simplemap_dff$70 using \$_DFFE_PP_.
Mapping top.$auto$simplemap.cc:420:simplemap_dff$71 using \$_DFF_P_.
Mapping top.$auto$simplemap.cc:420:simplemap_dff$72 using \$_DFF_P_.
Mapping top.$auto$simplemap.cc:420:simplemap_dff$73 using \$_DFF_P_.
Mapping top.$auto$simplemap.cc:420:simplemap_dff$74 using \$_DFF_P_.
Mapping top.$auto$simplemap.cc:420:simplemap_dff$75 using \$_DFF_P_.
Mapping top.$auto$simplemap.cc:420:simplemap_dff$76 using \$_DFF_P_.
Mapping top.$auto$simplemap.cc:420:simplemap_dff$77 using \$_DFF_P_.
Mapping top.$auto$simplemap.cc:420:simplemap_dff$78 using \$_DFF_P_.
Mapping top.$auto$simplemap.cc:420:simplemap_dff$79 using \$_DFF_P_.
Mapping top.$auto$simplemap.cc:420:simplemap_dff$80 using \$_DFF_P_.
Mapping top.$auto$simplemap.cc:420:simplemap_dff$81 using \$_DFF_P_.
Mapping top.$auto$simplemap.cc:420:simplemap_dff$82 using \$_DFF_P_.
Mapping top.$auto$simplemap.cc:420:simplemap_dff$83 using \$_DFF_P_.
Mapping top.$auto$simplemap.cc:420:simplemap_dff$84 using \$_DFF_P_.
Mapping top.$auto$simplemap.cc:420:simplemap_dff$85 using \$_DFF_P_.
Mapping top.$auto$simplemap.cc:420:simplemap_dff$86 using \$_DFF_P_.
Mapping top.$auto$simplemap.cc:420:simplemap_dff$87 using \$_DFF_P_.
Mapping top.$auto$simplemap.cc:420:simplemap_dff$88 using \$_DFF_P_.
Mapping top.$auto$simplemap.cc:420:simplemap_dff$89 using \$_DFF_P_.
Mapping top.$auto$simplemap.cc:420:simplemap_dff$90 using \$_DFF_P_.
Mapping top.$auto$simplemap.cc:420:simplemap_dff$91 using \$_DFF_P_.
Mapping top.$auto$simplemap.cc:420:simplemap_dff$92 using \$_DFF_P_.
Mapping top.$auto$simplemap.cc:420:simplemap_dff$93 using \$_DFF_P_.
Mapping top.$auto$simplemap.cc:420:simplemap_dff$94 using \$_DFF_P_.
Mapping top.$auto$simplemap.cc:420:simplemap_dff$95 using \$_DFF_P_.
Mapping top.$auto$simplemap.cc:420:simplemap_dff$96 using \$_DFF_P_.
Mapping top.$auto$simplemap.cc:420:simplemap_dff$97 using \$_DFF_P_.
Mapping top.$auto$simplemap.cc:420:simplemap_dff$98 using \$_DFF_P_.
Mapping top.$auto$simplemap.cc:420:simplemap_dff$99 using \$_DFF_P_.
Mapping top.$auto$simplemap.cc:420:simplemap_dff$100 using \$_DFF_P_.
Mapping top.$auto$simplemap.cc:420:simplemap_dff$101 using \$_DFF_P_.
No more expansions possible.

4.33. Executing OPT_EXPR pass (perform const folding).
Replacing $_XOR_ cell `$auto$simplemap.cc:85:simplemap_bitop$327' (?0) in module `\top' with constant driver `$auto$simplemap.cc:250:simplemap_eqne$325 [0] = \timer_1us1.count [0]'.
Replacing $_MUX_ cell `$auto$simplemap.cc:311:simplemap_lut$322' (x??) in module `\top' with constant driver `$auto$simplemap.cc:309:simplemap_lut$321 = $auto$simplemap.cc:309:simplemap_lut$318 [1]'.

4.34. Executing SIMPLEMAP pass (map simple cells to gate primitives).

4.35. Executing ICE40_FFINIT pass (implement FF init values).
Handling FF init values in top.
FF init value for cell $auto$simplemap.cc:420:simplemap_dff$99 (SB_DFF): \timer_1us1.count [30] = 0
FF init value for cell $auto$simplemap.cc:420:simplemap_dff$100 (SB_DFF): \timer_1us1.count [31] = 0
FF init value for cell $auto$simplemap.cc:420:simplemap_dff$101 (SB_DFF): \timer_1us1.o_q = 0
FF init value for cell $auto$simplemap.cc:420:simplemap_dff$69 (SB_DFF): \timer_1us1.count [0] = 0
FF init value for cell $auto$simplemap.cc:420:simplemap_dff$70 (SB_DFFE): \timer_1us1.count [1] = 0
FF init value for cell $auto$simplemap.cc:420:simplemap_dff$71 (SB_DFF): \timer_1us1.count [2] = 0
FF init value for cell $auto$simplemap.cc:420:simplemap_dff$72 (SB_DFF): \timer_1us1.count [3] = 0
FF init value for cell $auto$simplemap.cc:420:simplemap_dff$73 (SB_DFF): \timer_1us1.count [4] = 0
FF init value for cell $auto$simplemap.cc:420:simplemap_dff$74 (SB_DFF): \timer_1us1.count [5] = 0
FF init value for cell $auto$simplemap.cc:420:simplemap_dff$75 (SB_DFF): \timer_1us1.count [6] = 0
FF init value for cell $auto$simplemap.cc:420:simplemap_dff$76 (SB_DFF): \timer_1us1.count [7] = 0
FF init value for cell $auto$simplemap.cc:420:simplemap_dff$77 (SB_DFF): \timer_1us1.count [8] = 0
FF init value for cell $auto$simplemap.cc:420:simplemap_dff$78 (SB_DFF): \timer_1us1.count [9] = 0
FF init value for cell $auto$simplemap.cc:420:simplemap_dff$79 (SB_DFF): \timer_1us1.count [10] = 0
FF init value for cell $auto$simplemap.cc:420:simplemap_dff$80 (SB_DFF): \timer_1us1.count [11] = 0
FF init value for cell $auto$simplemap.cc:420:simplemap_dff$81 (SB_DFF): \timer_1us1.count [12] = 0
FF init value for cell $auto$simplemap.cc:420:simplemap_dff$82 (SB_DFF): \timer_1us1.count [13] = 0
FF init value for cell $auto$simplemap.cc:420:simplemap_dff$83 (SB_DFF): \timer_1us1.count [14] = 0
FF init value for cell $auto$simplemap.cc:420:simplemap_dff$84 (SB_DFF): \timer_1us1.count [15] = 0
FF init value for cell $auto$simplemap.cc:420:simplemap_dff$85 (SB_DFF): \timer_1us1.count [16] = 0
FF init value for cell $auto$simplemap.cc:420:simplemap_dff$86 (SB_DFF): \timer_1us1.count [17] = 0
FF init value for cell $auto$simplemap.cc:420:simplemap_dff$87 (SB_DFF): \timer_1us1.count [18] = 0
FF init value for cell $auto$simplemap.cc:420:simplemap_dff$88 (SB_DFF): \timer_1us1.count [19] = 0
FF init value for cell $auto$simplemap.cc:420:simplemap_dff$89 (SB_DFF): \timer_1us1.count [20] = 0
FF init value for cell $auto$simplemap.cc:420:simplemap_dff$90 (SB_DFF): \timer_1us1.count [21] = 0
FF init value for cell $auto$simplemap.cc:420:simplemap_dff$91 (SB_DFF): \timer_1us1.count [22] = 0
FF init value for cell $auto$simplemap.cc:420:simplemap_dff$92 (SB_DFF): \timer_1us1.count [23] = 0
FF init value for cell $auto$simplemap.cc:420:simplemap_dff$93 (SB_DFF): \timer_1us1.count [24] = 0
FF init value for cell $auto$simplemap.cc:420:simplemap_dff$94 (SB_DFF): \timer_1us1.count [25] = 0
FF init value for cell $auto$simplemap.cc:420:simplemap_dff$95 (SB_DFF): \timer_1us1.count [26] = 0
FF init value for cell $auto$simplemap.cc:420:simplemap_dff$96 (SB_DFF): \timer_1us1.count [27] = 0
FF init value for cell $auto$simplemap.cc:420:simplemap_dff$97 (SB_DFF): \timer_1us1.count [28] = 0
FF init value for cell $auto$simplemap.cc:420:simplemap_dff$98 (SB_DFF): \timer_1us1.count [29] = 0

4.36. Executing ICE40_FFSSR pass (merge synchronous set/reset into FF cells).
Merging set/reset $_MUX_ cells into SB_FFs in top.
  Merging $auto$simplemap.cc:277:simplemap_mux$132 (A=1'0, B=$techmap\timer_1us1.$add$/home/rcl/PPS_70us/rtl/timer_1us.v:26$3_Y [30], S=$auto$simplemap.cc:256:simplemap_eqne$168) into $auto$simplemap.cc:420:simplemap_dff$99 (SB_DFF).
  Merging $auto$simplemap.cc:277:simplemap_mux$133 (A=1'0, B=$techmap\timer_1us1.$add$/home/rcl/PPS_70us/rtl/timer_1us.v:26$3_Y [31], S=$auto$simplemap.cc:256:simplemap_eqne$168) into $auto$simplemap.cc:420:simplemap_dff$100 (SB_DFF).
  Merging $auto$simplemap.cc:277:simplemap_mux$102 (A=1'0, B=$techmap\timer_1us1.$add$/home/rcl/PPS_70us/rtl/timer_1us.v:26$3_Y [0], S=$auto$simplemap.cc:256:simplemap_eqne$168) into $auto$simplemap.cc:420:simplemap_dff$69 (SB_DFF).
  Merging $auto$simplemap.cc:277:simplemap_mux$103 (A=1'0, B=$auto$simplemap.cc:309:simplemap_lut$318 [1], S=$auto$simplemap.cc:256:simplemap_eqne$168) into $auto$simplemap.cc:420:simplemap_dff$70 (SB_DFFE).
  Merging $auto$simplemap.cc:277:simplemap_mux$104 (A=1'0, B=$techmap\timer_1us1.$add$/home/rcl/PPS_70us/rtl/timer_1us.v:26$3_Y [2], S=$auto$simplemap.cc:256:simplemap_eqne$168) into $auto$simplemap.cc:420:simplemap_dff$71 (SB_DFF).
  Merging $auto$simplemap.cc:277:simplemap_mux$105 (A=1'0, B=$techmap\timer_1us1.$add$/home/rcl/PPS_70us/rtl/timer_1us.v:26$3_Y [3], S=$auto$simplemap.cc:256:simplemap_eqne$168) into $auto$simplemap.cc:420:simplemap_dff$72 (SB_DFF).
  Merging $auto$simplemap.cc:277:simplemap_mux$106 (A=1'0, B=$techmap\timer_1us1.$add$/home/rcl/PPS_70us/rtl/timer_1us.v:26$3_Y [4], S=$auto$simplemap.cc:256:simplemap_eqne$168) into $auto$simplemap.cc:420:simplemap_dff$73 (SB_DFF).
  Merging $auto$simplemap.cc:277:simplemap_mux$107 (A=1'0, B=$techmap\timer_1us1.$add$/home/rcl/PPS_70us/rtl/timer_1us.v:26$3_Y [5], S=$auto$simplemap.cc:256:simplemap_eqne$168) into $auto$simplemap.cc:420:simplemap_dff$74 (SB_DFF).
  Merging $auto$simplemap.cc:277:simplemap_mux$108 (A=1'0, B=$techmap\timer_1us1.$add$/home/rcl/PPS_70us/rtl/timer_1us.v:26$3_Y [6], S=$auto$simplemap.cc:256:simplemap_eqne$168) into $auto$simplemap.cc:420:simplemap_dff$75 (SB_DFF).
  Merging $auto$simplemap.cc:277:simplemap_mux$109 (A=1'0, B=$techmap\timer_1us1.$add$/home/rcl/PPS_70us/rtl/timer_1us.v:26$3_Y [7], S=$auto$simplemap.cc:256:simplemap_eqne$168) into $auto$simplemap.cc:420:simplemap_dff$76 (SB_DFF).
  Merging $auto$simplemap.cc:277:simplemap_mux$110 (A=1'0, B=$techmap\timer_1us1.$add$/home/rcl/PPS_70us/rtl/timer_1us.v:26$3_Y [8], S=$auto$simplemap.cc:256:simplemap_eqne$168) into $auto$simplemap.cc:420:simplemap_dff$77 (SB_DFF).
  Merging $auto$simplemap.cc:277:simplemap_mux$111 (A=1'0, B=$techmap\timer_1us1.$add$/home/rcl/PPS_70us/rtl/timer_1us.v:26$3_Y [9], S=$auto$simplemap.cc:256:simplemap_eqne$168) into $auto$simplemap.cc:420:simplemap_dff$78 (SB_DFF).
  Merging $auto$simplemap.cc:277:simplemap_mux$112 (A=1'0, B=$techmap\timer_1us1.$add$/home/rcl/PPS_70us/rtl/timer_1us.v:26$3_Y [10], S=$auto$simplemap.cc:256:simplemap_eqne$168) into $auto$simplemap.cc:420:simplemap_dff$79 (SB_DFF).
  Merging $auto$simplemap.cc:277:simplemap_mux$113 (A=1'0, B=$techmap\timer_1us1.$add$/home/rcl/PPS_70us/rtl/timer_1us.v:26$3_Y [11], S=$auto$simplemap.cc:256:simplemap_eqne$168) into $auto$simplemap.cc:420:simplemap_dff$80 (SB_DFF).
  Merging $auto$simplemap.cc:277:simplemap_mux$114 (A=1'0, B=$techmap\timer_1us1.$add$/home/rcl/PPS_70us/rtl/timer_1us.v:26$3_Y [12], S=$auto$simplemap.cc:256:simplemap_eqne$168) into $auto$simplemap.cc:420:simplemap_dff$81 (SB_DFF).
  Merging $auto$simplemap.cc:277:simplemap_mux$115 (A=1'0, B=$techmap\timer_1us1.$add$/home/rcl/PPS_70us/rtl/timer_1us.v:26$3_Y [13], S=$auto$simplemap.cc:256:simplemap_eqne$168) into $auto$simplemap.cc:420:simplemap_dff$82 (SB_DFF).
  Merging $auto$simplemap.cc:277:simplemap_mux$116 (A=1'0, B=$techmap\timer_1us1.$add$/home/rcl/PPS_70us/rtl/timer_1us.v:26$3_Y [14], S=$auto$simplemap.cc:256:simplemap_eqne$168) into $auto$simplemap.cc:420:simplemap_dff$83 (SB_DFF).
  Merging $auto$simplemap.cc:277:simplemap_mux$117 (A=1'0, B=$techmap\timer_1us1.$add$/home/rcl/PPS_70us/rtl/timer_1us.v:26$3_Y [15], S=$auto$simplemap.cc:256:simplemap_eqne$168) into $auto$simplemap.cc:420:simplemap_dff$84 (SB_DFF).
  Merging $auto$simplemap.cc:277:simplemap_mux$118 (A=1'0, B=$techmap\timer_1us1.$add$/home/rcl/PPS_70us/rtl/timer_1us.v:26$3_Y [16], S=$auto$simplemap.cc:256:simplemap_eqne$168) into $auto$simplemap.cc:420:simplemap_dff$85 (SB_DFF).
  Merging $auto$simplemap.cc:277:simplemap_mux$119 (A=1'0, B=$techmap\timer_1us1.$add$/home/rcl/PPS_70us/rtl/timer_1us.v:26$3_Y [17], S=$auto$simplemap.cc:256:simplemap_eqne$168) into $auto$simplemap.cc:420:simplemap_dff$86 (SB_DFF).
  Merging $auto$simplemap.cc:277:simplemap_mux$120 (A=1'0, B=$techmap\timer_1us1.$add$/home/rcl/PPS_70us/rtl/timer_1us.v:26$3_Y [18], S=$auto$simplemap.cc:256:simplemap_eqne$168) into $auto$simplemap.cc:420:simplemap_dff$87 (SB_DFF).
  Merging $auto$simplemap.cc:277:simplemap_mux$121 (A=1'0, B=$techmap\timer_1us1.$add$/home/rcl/PPS_70us/rtl/timer_1us.v:26$3_Y [19], S=$auto$simplemap.cc:256:simplemap_eqne$168) into $auto$simplemap.cc:420:simplemap_dff$88 (SB_DFF).
  Merging $auto$simplemap.cc:277:simplemap_mux$122 (A=1'0, B=$techmap\timer_1us1.$add$/home/rcl/PPS_70us/rtl/timer_1us.v:26$3_Y [20], S=$auto$simplemap.cc:256:simplemap_eqne$168) into $auto$simplemap.cc:420:simplemap_dff$89 (SB_DFF).
  Merging $auto$simplemap.cc:277:simplemap_mux$123 (A=1'0, B=$techmap\timer_1us1.$add$/home/rcl/PPS_70us/rtl/timer_1us.v:26$3_Y [21], S=$auto$simplemap.cc:256:simplemap_eqne$168) into $auto$simplemap.cc:420:simplemap_dff$90 (SB_DFF).
  Merging $auto$simplemap.cc:277:simplemap_mux$124 (A=1'0, B=$techmap\timer_1us1.$add$/home/rcl/PPS_70us/rtl/timer_1us.v:26$3_Y [22], S=$auto$simplemap.cc:256:simplemap_eqne$168) into $auto$simplemap.cc:420:simplemap_dff$91 (SB_DFF).
  Merging $auto$simplemap.cc:277:simplemap_mux$125 (A=1'0, B=$techmap\timer_1us1.$add$/home/rcl/PPS_70us/rtl/timer_1us.v:26$3_Y [23], S=$auto$simplemap.cc:256:simplemap_eqne$168) into $auto$simplemap.cc:420:simplemap_dff$92 (SB_DFF).
  Merging $auto$simplemap.cc:277:simplemap_mux$126 (A=1'0, B=$techmap\timer_1us1.$add$/home/rcl/PPS_70us/rtl/timer_1us.v:26$3_Y [24], S=$auto$simplemap.cc:256:simplemap_eqne$168) into $auto$simplemap.cc:420:simplemap_dff$93 (SB_DFF).
  Merging $auto$simplemap.cc:277:simplemap_mux$127 (A=1'0, B=$techmap\timer_1us1.$add$/home/rcl/PPS_70us/rtl/timer_1us.v:26$3_Y [25], S=$auto$simplemap.cc:256:simplemap_eqne$168) into $auto$simplemap.cc:420:simplemap_dff$94 (SB_DFF).
  Merging $auto$simplemap.cc:277:simplemap_mux$128 (A=1'0, B=$techmap\timer_1us1.$add$/home/rcl/PPS_70us/rtl/timer_1us.v:26$3_Y [26], S=$auto$simplemap.cc:256:simplemap_eqne$168) into $auto$simplemap.cc:420:simplemap_dff$95 (SB_DFF).
  Merging $auto$simplemap.cc:277:simplemap_mux$129 (A=1'0, B=$techmap\timer_1us1.$add$/home/rcl/PPS_70us/rtl/timer_1us.v:26$3_Y [27], S=$auto$simplemap.cc:256:simplemap_eqne$168) into $auto$simplemap.cc:420:simplemap_dff$96 (SB_DFF).
  Merging $auto$simplemap.cc:277:simplemap_mux$130 (A=1'0, B=$techmap\timer_1us1.$add$/home/rcl/PPS_70us/rtl/timer_1us.v:26$3_Y [28], S=$auto$simplemap.cc:256:simplemap_eqne$168) into $auto$simplemap.cc:420:simplemap_dff$97 (SB_DFF).
  Merging $auto$simplemap.cc:277:simplemap_mux$131 (A=1'0, B=$techmap\timer_1us1.$add$/home/rcl/PPS_70us/rtl/timer_1us.v:26$3_Y [29], S=$auto$simplemap.cc:256:simplemap_eqne$168) into $auto$simplemap.cc:420:simplemap_dff$98 (SB_DFF).

4.37. Executing ICE40_OPT pass (performing simple optimizations).

4.37.1. Running ICE40 specific optimizations.

4.37.2. Executing OPT_EXPR pass (perform const folding).
Replacing $_MUX_ cell `$auto$simplemap.cc:277:simplemap_mux$102' in module `top' with and-gate.
Replacing $_MUX_ cell `$auto$simplemap.cc:277:simplemap_mux$103' in module `top' with and-gate.
Replacing $_MUX_ cell `$auto$simplemap.cc:277:simplemap_mux$104' in module `top' with and-gate.
Replacing $_MUX_ cell `$auto$simplemap.cc:277:simplemap_mux$105' in module `top' with and-gate.
Replacing $_MUX_ cell `$auto$simplemap.cc:277:simplemap_mux$106' in module `top' with and-gate.
Replacing $_MUX_ cell `$auto$simplemap.cc:277:simplemap_mux$107' in module `top' with and-gate.
Replacing $_MUX_ cell `$auto$simplemap.cc:277:simplemap_mux$108' in module `top' with and-gate.
Replacing $_MUX_ cell `$auto$simplemap.cc:277:simplemap_mux$109' in module `top' with and-gate.
Replacing $_MUX_ cell `$auto$simplemap.cc:277:simplemap_mux$110' in module `top' with and-gate.
Replacing $_MUX_ cell `$auto$simplemap.cc:277:simplemap_mux$111' in module `top' with and-gate.
Replacing $_MUX_ cell `$auto$simplemap.cc:277:simplemap_mux$112' in module `top' with and-gate.
Replacing $_MUX_ cell `$auto$simplemap.cc:277:simplemap_mux$113' in module `top' with and-gate.
Replacing $_MUX_ cell `$auto$simplemap.cc:277:simplemap_mux$114' in module `top' with and-gate.
Replacing $_MUX_ cell `$auto$simplemap.cc:277:simplemap_mux$115' in module `top' with and-gate.
Replacing $_MUX_ cell `$auto$simplemap.cc:277:simplemap_mux$116' in module `top' with and-gate.
Replacing $_MUX_ cell `$auto$simplemap.cc:277:simplemap_mux$117' in module `top' with and-gate.
Replacing $_MUX_ cell `$auto$simplemap.cc:277:simplemap_mux$118' in module `top' with and-gate.
Replacing $_MUX_ cell `$auto$simplemap.cc:277:simplemap_mux$119' in module `top' with and-gate.
Replacing $_MUX_ cell `$auto$simplemap.cc:277:simplemap_mux$120' in module `top' with and-gate.
Replacing $_MUX_ cell `$auto$simplemap.cc:277:simplemap_mux$121' in module `top' with and-gate.
Replacing $_MUX_ cell `$auto$simplemap.cc:277:simplemap_mux$122' in module `top' with and-gate.
Replacing $_MUX_ cell `$auto$simplemap.cc:277:simplemap_mux$123' in module `top' with and-gate.
Replacing $_MUX_ cell `$auto$simplemap.cc:277:simplemap_mux$124' in module `top' with and-gate.
Replacing $_MUX_ cell `$auto$simplemap.cc:277:simplemap_mux$125' in module `top' with and-gate.
Replacing $_MUX_ cell `$auto$simplemap.cc:277:simplemap_mux$126' in module `top' with and-gate.
Replacing $_MUX_ cell `$auto$simplemap.cc:277:simplemap_mux$127' in module `top' with and-gate.
Replacing $_MUX_ cell `$auto$simplemap.cc:277:simplemap_mux$128' in module `top' with and-gate.
Replacing $_MUX_ cell `$auto$simplemap.cc:277:simplemap_mux$129' in module `top' with and-gate.
Replacing $_MUX_ cell `$auto$simplemap.cc:277:simplemap_mux$130' in module `top' with and-gate.
Replacing $_MUX_ cell `$auto$simplemap.cc:277:simplemap_mux$131' in module `top' with and-gate.
Replacing $_MUX_ cell `$auto$simplemap.cc:277:simplemap_mux$132' in module `top' with and-gate.
Replacing $_MUX_ cell `$auto$simplemap.cc:277:simplemap_mux$133' in module `top' with and-gate.

4.37.3. Executing OPT_MERGE pass (detect identical cells).
Finding identical cells in module `\top'.
  Cell `$auto$ice40_ffssr.cc:109:execute$435' is identical to cell `$auto$ice40_ffssr.cc:109:execute$437'.
    Redirecting output \Y: $auto$rtlil.cc:1819:NotGate$436 = $auto$rtlil.cc:1819:NotGate$438
    Removing $_NOT_ cell `$auto$ice40_ffssr.cc:109:execute$435' from module `\top'.
  Cell `$auto$ice40_ffssr.cc:109:execute$433' is identical to cell `$auto$ice40_ffssr.cc:109:execute$437'.
    Redirecting output \Y: $auto$rtlil.cc:1819:NotGate$434 = $auto$rtlil.cc:1819:NotGate$438
    Removing $_NOT_ cell `$auto$ice40_ffssr.cc:109:execute$433' from module `\top'.
  Cell `$auto$ice40_ffssr.cc:109:execute$431' is identical to cell `$auto$ice40_ffssr.cc:109:execute$437'.
    Redirecting output \Y: $auto$rtlil.cc:1819:NotGate$432 = $auto$rtlil.cc:1819:NotGate$438
    Removing $_NOT_ cell `$auto$ice40_ffssr.cc:109:execute$431' from module `\top'.
  Cell `$auto$ice40_ffssr.cc:109:execute$429' is identical to cell `$auto$ice40_ffssr.cc:109:execute$437'.
    Redirecting output \Y: $auto$rtlil.cc:1819:NotGate$430 = $auto$rtlil.cc:1819:NotGate$438
    Removing $_NOT_ cell `$auto$ice40_ffssr.cc:109:execute$429' from module `\top'.
  Cell `$auto$ice40_ffssr.cc:109:execute$427' is identical to cell `$auto$ice40_ffssr.cc:109:execute$437'.
    Redirecting output \Y: $auto$rtlil.cc:1819:NotGate$428 = $auto$rtlil.cc:1819:NotGate$438
    Removing $_NOT_ cell `$auto$ice40_ffssr.cc:109:execute$427' from module `\top'.
  Cell `$auto$ice40_ffssr.cc:109:execute$425' is identical to cell `$auto$ice40_ffssr.cc:109:execute$437'.
    Redirecting output \Y: $auto$rtlil.cc:1819:NotGate$426 = $auto$rtlil.cc:1819:NotGate$438
    Removing $_NOT_ cell `$auto$ice40_ffssr.cc:109:execute$425' from module `\top'.
  Cell `$auto$ice40_ffssr.cc:109:execute$423' is identical to cell `$auto$ice40_ffssr.cc:109:execute$437'.
    Redirecting output \Y: $auto$rtlil.cc:1819:NotGate$424 = $auto$rtlil.cc:1819:NotGate$438
    Removing $_NOT_ cell `$auto$ice40_ffssr.cc:109:execute$423' from module `\top'.
  Cell `$auto$ice40_ffssr.cc:109:execute$421' is identical to cell `$auto$ice40_ffssr.cc:109:execute$437'.
    Redirecting output \Y: $auto$rtlil.cc:1819:NotGate$422 = $auto$rtlil.cc:1819:NotGate$438
    Removing $_NOT_ cell `$auto$ice40_ffssr.cc:109:execute$421' from module `\top'.
  Cell `$auto$ice40_ffssr.cc:109:execute$419' is identical to cell `$auto$ice40_ffssr.cc:109:execute$437'.
    Redirecting output \Y: $auto$rtlil.cc:1819:NotGate$420 = $auto$rtlil.cc:1819:NotGate$438
    Removing $_NOT_ cell `$auto$ice40_ffssr.cc:109:execute$419' from module `\top'.
  Cell `$auto$ice40_ffssr.cc:109:execute$417' is identical to cell `$auto$ice40_ffssr.cc:109:execute$437'.
    Redirecting output \Y: $auto$rtlil.cc:1819:NotGate$418 = $auto$rtlil.cc:1819:NotGate$438
    Removing $_NOT_ cell `$auto$ice40_ffssr.cc:109:execute$417' from module `\top'.
  Cell `$auto$ice40_ffssr.cc:109:execute$415' is identical to cell `$auto$ice40_ffssr.cc:109:execute$437'.
    Redirecting output \Y: $auto$rtlil.cc:1819:NotGate$416 = $auto$rtlil.cc:1819:NotGate$438
    Removing $_NOT_ cell `$auto$ice40_ffssr.cc:109:execute$415' from module `\top'.
  Cell `$auto$ice40_ffssr.cc:109:execute$413' is identical to cell `$auto$ice40_ffssr.cc:109:execute$437'.
    Redirecting output \Y: $auto$rtlil.cc:1819:NotGate$414 = $auto$rtlil.cc:1819:NotGate$438
    Removing $_NOT_ cell `$auto$ice40_ffssr.cc:109:execute$413' from module `\top'.
  Cell `$auto$ice40_ffssr.cc:109:execute$411' is identical to cell `$auto$ice40_ffssr.cc:109:execute$437'.
    Redirecting output \Y: $auto$rtlil.cc:1819:NotGate$412 = $auto$rtlil.cc:1819:NotGate$438
    Removing $_NOT_ cell `$auto$ice40_ffssr.cc:109:execute$411' from module `\top'.
  Cell `$auto$ice40_ffssr.cc:109:execute$409' is identical to cell `$auto$ice40_ffssr.cc:109:execute$437'.
    Redirecting output \Y: $auto$rtlil.cc:1819:NotGate$410 = $auto$rtlil.cc:1819:NotGate$438
    Removing $_NOT_ cell `$auto$ice40_ffssr.cc:109:execute$409' from module `\top'.
  Cell `$auto$ice40_ffssr.cc:109:execute$407' is identical to cell `$auto$ice40_ffssr.cc:109:execute$437'.
    Redirecting output \Y: $auto$rtlil.cc:1819:NotGate$408 = $auto$rtlil.cc:1819:NotGate$438
    Removing $_NOT_ cell `$auto$ice40_ffssr.cc:109:execute$407' from module `\top'.
  Cell `$auto$ice40_ffssr.cc:109:execute$405' is identical to cell `$auto$ice40_ffssr.cc:109:execute$437'.
    Redirecting output \Y: $auto$rtlil.cc:1819:NotGate$406 = $auto$rtlil.cc:1819:NotGate$438
    Removing $_NOT_ cell `$auto$ice40_ffssr.cc:109:execute$405' from module `\top'.
  Cell `$auto$ice40_ffssr.cc:109:execute$403' is identical to cell `$auto$ice40_ffssr.cc:109:execute$437'.
    Redirecting output \Y: $auto$rtlil.cc:1819:NotGate$404 = $auto$rtlil.cc:1819:NotGate$438
    Removing $_NOT_ cell `$auto$ice40_ffssr.cc:109:execute$403' from module `\top'.
  Cell `$auto$ice40_ffssr.cc:109:execute$401' is identical to cell `$auto$ice40_ffssr.cc:109:execute$437'.
    Redirecting output \Y: $auto$rtlil.cc:1819:NotGate$402 = $auto$rtlil.cc:1819:NotGate$438
    Removing $_NOT_ cell `$auto$ice40_ffssr.cc:109:execute$401' from module `\top'.
  Cell `$auto$ice40_ffssr.cc:109:execute$399' is identical to cell `$auto$ice40_ffssr.cc:109:execute$437'.
    Redirecting output \Y: $auto$rtlil.cc:1819:NotGate$400 = $auto$rtlil.cc:1819:NotGate$438
    Removing $_NOT_ cell `$auto$ice40_ffssr.cc:109:execute$399' from module `\top'.
  Cell `$auto$ice40_ffssr.cc:109:execute$397' is identical to cell `$auto$ice40_ffssr.cc:109:execute$437'.
    Redirecting output \Y: $auto$rtlil.cc:1819:NotGate$398 = $auto$rtlil.cc:1819:NotGate$438
    Removing $_NOT_ cell `$auto$ice40_ffssr.cc:109:execute$397' from module `\top'.
  Cell `$auto$ice40_ffssr.cc:109:execute$395' is identical to cell `$auto$ice40_ffssr.cc:109:execute$437'.
    Redirecting output \Y: $auto$rtlil.cc:1819:NotGate$396 = $auto$rtlil.cc:1819:NotGate$438
    Removing $_NOT_ cell `$auto$ice40_ffssr.cc:109:execute$395' from module `\top'.
  Cell `$auto$ice40_ffssr.cc:109:execute$393' is identical to cell `$auto$ice40_ffssr.cc:109:execute$437'.
    Redirecting output \Y: $auto$rtlil.cc:1819:NotGate$394 = $auto$rtlil.cc:1819:NotGate$438
    Removing $_NOT_ cell `$auto$ice40_ffssr.cc:109:execute$393' from module `\top'.
  Cell `$auto$ice40_ffssr.cc:109:execute$391' is identical to cell `$auto$ice40_ffssr.cc:109:execute$437'.
    Redirecting output \Y: $auto$rtlil.cc:1819:NotGate$392 = $auto$rtlil.cc:1819:NotGate$438
    Removing $_NOT_ cell `$auto$ice40_ffssr.cc:109:execute$391' from module `\top'.
  Cell `$auto$ice40_ffssr.cc:109:execute$389' is identical to cell `$auto$ice40_ffssr.cc:109:execute$437'.
    Redirecting output \Y: $auto$rtlil.cc:1819:NotGate$390 = $auto$rtlil.cc:1819:NotGate$438
    Removing $_NOT_ cell `$auto$ice40_ffssr.cc:109:execute$389' from module `\top'.
  Cell `$auto$ice40_ffssr.cc:109:execute$387' is identical to cell `$auto$ice40_ffssr.cc:109:execute$437'.
    Redirecting output \Y: $auto$rtlil.cc:1819:NotGate$388 = $auto$rtlil.cc:1819:NotGate$438
    Removing $_NOT_ cell `$auto$ice40_ffssr.cc:109:execute$387' from module `\top'.
  Cell `$auto$ice40_ffssr.cc:109:execute$385' is identical to cell `$auto$ice40_ffssr.cc:109:execute$437'.
    Redirecting output \Y: $auto$rtlil.cc:1819:NotGate$386 = $auto$rtlil.cc:1819:NotGate$438
    Removing $_NOT_ cell `$auto$ice40_ffssr.cc:109:execute$385' from module `\top'.
  Cell `$auto$ice40_ffssr.cc:109:execute$383' is identical to cell `$auto$ice40_ffssr.cc:109:execute$437'.
    Redirecting output \Y: $auto$rtlil.cc:1819:NotGate$384 = $auto$rtlil.cc:1819:NotGate$438
    Removing $_NOT_ cell `$auto$ice40_ffssr.cc:109:execute$383' from module `\top'.
  Cell `$auto$ice40_ffssr.cc:109:execute$381' is identical to cell `$auto$ice40_ffssr.cc:109:execute$437'.
    Redirecting output \Y: $auto$rtlil.cc:1819:NotGate$382 = $auto$rtlil.cc:1819:NotGate$438
    Removing $_NOT_ cell `$auto$ice40_ffssr.cc:109:execute$381' from module `\top'.
  Cell `$auto$ice40_ffssr.cc:109:execute$379' is identical to cell `$auto$ice40_ffssr.cc:109:execute$437'.
    Redirecting output \Y: $auto$rtlil.cc:1819:NotGate$380 = $auto$rtlil.cc:1819:NotGate$438
    Removing $_NOT_ cell `$auto$ice40_ffssr.cc:109:execute$379' from module `\top'.
  Cell `$auto$ice40_ffssr.cc:109:execute$377' is identical to cell `$auto$ice40_ffssr.cc:109:execute$437'.
    Redirecting output \Y: $auto$rtlil.cc:1819:NotGate$378 = $auto$rtlil.cc:1819:NotGate$438
    Removing $_NOT_ cell `$auto$ice40_ffssr.cc:109:execute$377' from module `\top'.
  Cell `$auto$ice40_ffssr.cc:109:execute$375' is identical to cell `$auto$ice40_ffssr.cc:109:execute$437'.
    Redirecting output \Y: $auto$rtlil.cc:1819:NotGate$376 = $auto$rtlil.cc:1819:NotGate$438
    Removing $_NOT_ cell `$auto$ice40_ffssr.cc:109:execute$375' from module `\top'.
  Cell `$auto$simplemap.cc:206:simplemap_lognot$207' is identical to cell `$auto$ice40_ffssr.cc:109:execute$437'.
    Redirecting output \Y: $techmap\timer_1us1.$0\o_q[0:0] = $auto$rtlil.cc:1819:NotGate$438
    Removing $_NOT_ cell `$auto$simplemap.cc:206:simplemap_lognot$207' from module `\top'.
Removed a total of 32 cells.

4.37.4. Executing OPT_RMDFF pass (remove dff with constant values).

4.37.5. Executing OPT_CLEAN pass (remove unused cells and wires).
Finding unused cells or wires in module \top..
  removing unused `$_AND_' cell `$auto$simplemap.cc:277:simplemap_mux$102'.
  removing unused `$_AND_' cell `$auto$simplemap.cc:277:simplemap_mux$103'.
  removing unused `$_AND_' cell `$auto$simplemap.cc:277:simplemap_mux$104'.
  removing unused `$_AND_' cell `$auto$simplemap.cc:277:simplemap_mux$105'.
  removing unused `$_AND_' cell `$auto$simplemap.cc:277:simplemap_mux$106'.
  removing unused `$_AND_' cell `$auto$simplemap.cc:277:simplemap_mux$107'.
  removing unused `$_AND_' cell `$auto$simplemap.cc:277:simplemap_mux$108'.
  removing unused `$_AND_' cell `$auto$simplemap.cc:277:simplemap_mux$109'.
  removing unused `$_AND_' cell `$auto$simplemap.cc:277:simplemap_mux$110'.
  removing unused `$_AND_' cell `$auto$simplemap.cc:277:simplemap_mux$111'.
  removing unused `$_AND_' cell `$auto$simplemap.cc:277:simplemap_mux$112'.
  removing unused `$_AND_' cell `$auto$simplemap.cc:277:simplemap_mux$113'.
  removing unused `$_AND_' cell `$auto$simplemap.cc:277:simplemap_mux$114'.
  removing unused `$_AND_' cell `$auto$simplemap.cc:277:simplemap_mux$115'.
  removing unused `$_AND_' cell `$auto$simplemap.cc:277:simplemap_mux$116'.
  removing unused `$_AND_' cell `$auto$simplemap.cc:277:simplemap_mux$117'.
  removing unused `$_AND_' cell `$auto$simplemap.cc:277:simplemap_mux$118'.
  removing unused `$_AND_' cell `$auto$simplemap.cc:277:simplemap_mux$119'.
  removing unused `$_AND_' cell `$auto$simplemap.cc:277:simplemap_mux$120'.
  removing unused `$_AND_' cell `$auto$simplemap.cc:277:simplemap_mux$121'.
  removing unused `$_AND_' cell `$auto$simplemap.cc:277:simplemap_mux$122'.
  removing unused `$_AND_' cell `$auto$simplemap.cc:277:simplemap_mux$123'.
  removing unused `$_AND_' cell `$auto$simplemap.cc:277:simplemap_mux$124'.
  removing unused `$_AND_' cell `$auto$simplemap.cc:277:simplemap_mux$125'.
  removing unused `$_AND_' cell `$auto$simplemap.cc:277:simplemap_mux$126'.
  removing unused `$_AND_' cell `$auto$simplemap.cc:277:simplemap_mux$127'.
  removing unused `$_AND_' cell `$auto$simplemap.cc:277:simplemap_mux$128'.
  removing unused `$_AND_' cell `$auto$simplemap.cc:277:simplemap_mux$129'.
  removing unused `$_AND_' cell `$auto$simplemap.cc:277:simplemap_mux$130'.
  removing unused `$_AND_' cell `$auto$simplemap.cc:277:simplemap_mux$131'.
  removing unused `$_AND_' cell `$auto$simplemap.cc:277:simplemap_mux$132'.
  removing unused `$_AND_' cell `$auto$simplemap.cc:277:simplemap_mux$133'.
  removed 135 unused temporary wires.
Removed 65 unused cells and 161 unused wires.

4.37.6. Rerunning OPT passes. (Removed registers in this run.)

4.37.7. Running ICE40 specific optimizations.

4.37.8. Executing OPT_EXPR pass (perform const folding).

4.37.9. Executing OPT_MERGE pass (detect identical cells).
Finding identical cells in module `\top'.
Removed a total of 0 cells.

4.37.10. Executing OPT_RMDFF pass (remove dff with constant values).

4.37.11. Executing OPT_CLEAN pass (remove unused cells and wires).
Finding unused cells or wires in module \top..
Removed 65 unused cells and 161 unused wires.

4.37.12. Finished OPT passes. (There is nothing left to do.)

4.38. Executing TECHMAP pass (map to technology primitives).

4.38.1. Executing Verilog-2005 frontend.
Parsing Verilog input from `/usr/local/bin/../share/yosys/ice40/latches_map.v' to AST representation.
Generating RTLIL representation for module `\$_DLATCH_N_'.
Generating RTLIL representation for module `\$_DLATCH_P_'.
Successfully finished Verilog frontend.
No more expansions possible.

4.39. Executing ABC pass (technology mapping using ABC).

4.39.1. Extracting gate netlist of module `\top' to `<abc-temp-dir>/input.blif'..
Extracted 52 gates and 85 wires to a netlist network with 32 inputs and 3 outputs.

4.39.1.1. Executing ABC.
Running ABC command: <yosys-exe-dir>/yosys-abc -s -f <abc-temp-dir>/abc.script 2>&1
ABC: ABC command line: "source <abc-temp-dir>/abc.script".
ABC: 
ABC: + read_blif <abc-temp-dir>/input.blif 
ABC: + read_lut <abc-temp-dir>/lutdefs.txt 
ABC: + strash 
ABC: + ifraig 
ABC: + scorr 
ABC: Warning: The network is combinational (run "fraig" or "fraig_sweep").
ABC: + dc2 
ABC: + dretime 
ABC: + strash 
ABC: + dch -f 
ABC: + if 
ABC: + mfs2 
ABC: + lutpack -S 1 
ABC: + dress 
ABC: Total number of equiv classes                =       3.
ABC: Participating nodes from both networks       =       7.
ABC: Participating nodes from the first network   =       2. (  14.29 % of nodes)
ABC: Participating nodes from the second network  =       5. (  35.71 % of nodes)
ABC: Node pairs (any polarity)                    =       2. (  14.29 % of names can be moved)
ABC: Node pairs (same polarity)                   =       2. (  14.29 % of names can be moved)
ABC: Total runtime =     0.00 sec
ABC: + write_blif <abc-temp-dir>/output.blif 

4.39.1.2. Re-integrating ABC results.
ABC RESULTS:              $lut cells:       26
ABC RESULTS:        internal signals:       50
ABC RESULTS:           input signals:       32
ABC RESULTS:          output signals:        3
Removing temp directory.
Removed 0 unused cells and 44 unused wires.

4.40. Executing TECHMAP pass (map to technology primitives).

4.40.1. Executing Verilog-2005 frontend.
Parsing Verilog input from `/usr/local/bin/../share/yosys/ice40/cells_map.v' to AST representation.
Generating RTLIL representation for module `\$_DFF_N_'.
Generating RTLIL representation for module `\$_DFF_P_'.
Generating RTLIL representation for module `\$_DFFE_NN_'.
Generating RTLIL representation for module `\$_DFFE_PN_'.
Generating RTLIL representation for module `\$_DFFE_NP_'.
Generating RTLIL representation for module `\$_DFFE_PP_'.
Generating RTLIL representation for module `\$_DFF_NN0_'.
Generating RTLIL representation for module `\$_DFF_NN1_'.
Generating RTLIL representation for module `\$_DFF_PN0_'.
Generating RTLIL representation for module `\$_DFF_PN1_'.
Generating RTLIL representation for module `\$_DFF_NP0_'.
Generating RTLIL representation for module `\$_DFF_NP1_'.
Generating RTLIL representation for module `\$_DFF_PP0_'.
Generating RTLIL representation for module `\$_DFF_PP1_'.
Generating RTLIL representation for module `\$__DFFE_NN0'.
Generating RTLIL representation for module `\$__DFFE_NN1'.
Generating RTLIL representation for module `\$__DFFE_PN0'.
Generating RTLIL representation for module `\$__DFFE_PN1'.
Generating RTLIL representation for module `\$__DFFE_NP0'.
Generating RTLIL representation for module `\$__DFFE_NP1'.
Generating RTLIL representation for module `\$__DFFE_PP0'.
Generating RTLIL representation for module `\$__DFFE_PP1'.
Generating RTLIL representation for module `\$lut'.
Successfully finished Verilog frontend.

4.40.2. Executing AST frontend in derive mode using pre-parsed AST for module `\$lut'.
Parameter \WIDTH = 4
Parameter \LUT = 16'1000000000000000
Generating RTLIL representation for module `$paramod\$lut\WIDTH=4\LUT=16'1000000000000000'.

4.40.3. Continuing TECHMAP pass.
Mapping top.$abc$442$auto$blifparse.cc:492:parse_blif$447 using $paramod\$lut\WIDTH=4\LUT=16'1000000000000000.

4.40.4. Executing AST frontend in derive mode using pre-parsed AST for module `\$lut'.
Parameter \WIDTH = 4
Parameter \LUT = 16'0000000000000001
Generating RTLIL representation for module `$paramod\$lut\WIDTH=4\LUT=16'0000000000000001'.

4.40.5. Continuing TECHMAP pass.
Mapping top.$abc$442$auto$blifparse.cc:492:parse_blif$450 using $paramod\$lut\WIDTH=4\LUT=16'0000000000000001.
Mapping top.$abc$442$auto$blifparse.cc:492:parse_blif$453 using $paramod\$lut\WIDTH=4\LUT=16'0000000000000001.

4.40.6. Executing AST frontend in derive mode using pre-parsed AST for module `\$lut'.
Parameter \WIDTH = 4
Parameter \LUT = 16'0000000100000000
Generating RTLIL representation for module `$paramod\$lut\WIDTH=4\LUT=16'0000000100000000'.

4.40.7. Continuing TECHMAP pass.
Mapping top.$abc$442$auto$blifparse.cc:492:parse_blif$452 using $paramod\$lut\WIDTH=4\LUT=16'0000000100000000.
Mapping top.$abc$442$auto$blifparse.cc:492:parse_blif$451 using $paramod\$lut\WIDTH=4\LUT=16'0000000000000001.
Mapping top.$abc$442$auto$blifparse.cc:492:parse_blif$449 using $paramod\$lut\WIDTH=4\LUT=16'1000000000000000.

4.40.8. Executing AST frontend in derive mode using pre-parsed AST for module `\$lut'.
Parameter \WIDTH = 1
Parameter \LUT = 2'01
Generating RTLIL representation for module `$paramod\$lut\WIDTH=1\LUT=2'01'.

4.40.9. Continuing TECHMAP pass.
Mapping top.$abc$442$auto$blifparse.cc:492:parse_blif$454 using $paramod\$lut\WIDTH=1\LUT=2'01.
Mapping top.$abc$442$auto$blifparse.cc:492:parse_blif$446 using $paramod\$lut\WIDTH=4\LUT=16'1000000000000000.
Mapping top.$abc$442$auto$blifparse.cc:492:parse_blif$448 using $paramod\$lut\WIDTH=4\LUT=16'1000000000000000.
Mapping top.$abc$442$auto$blifparse.cc:492:parse_blif$445 using $paramod\$lut\WIDTH=4\LUT=16'1000000000000000.
Mapping top.$abc$442$auto$blifparse.cc:492:parse_blif$444 using $paramod\$lut\WIDTH=4\LUT=16'1000000000000000.

4.40.10. Executing AST frontend in derive mode using pre-parsed AST for module `\$lut'.
Parameter \WIDTH = 2
Parameter \LUT = 4'1000
Generating RTLIL representation for module `$paramod\$lut\WIDTH=2\LUT=4'1000'.

4.40.11. Continuing TECHMAP pass.
Mapping top.$abc$442$auto$blifparse.cc:492:parse_blif$443 using $paramod\$lut\WIDTH=2\LUT=4'1000.
No more expansions possible.
Removed 0 unused cells and 24 unused wires.

4.41. Executing HIERARCHY pass (managing design hierarchy).

4.41.1. Analyzing design hierarchy..
Top module:  \top

4.41.2. Analyzing design hierarchy..
Top module:  \top
Removed 0 unused modules.

4.42. Printing statistics.

=== top ===

   Number of wires:                 23
   Number of wire bits:            116
   Number of public wires:           9
   Number of public wire bits:      40
   Number of memories:               0
   Number of memory bits:            0
   Number of processes:              0
   Number of cells:                107
     SB_CARRY                       30
     SB_DFF                          1
     SB_DFFESR                       1
     SB_DFFSR                       31
     SB_LUT4                        43
     SB_PLL40_CORE                   1

4.43. Executing CHECK pass (checking for obvious problems).
checking module top..
found and reported 0 problems.

4.44. Executing BLIF backend.

End of script. Logfile hash: c1cfe37331
CPU: user 0.51s system 0.02s, MEM: 45.71 MB total, 15.69 MB resident
Yosys 0.8+312 (git sha1 22035c2, clang 3.8.0-2ubuntu4 -fPIC -Os)
Time spent: 44% 12x read_verilog (0 sec), 11% 1x share (0 sec), ...
